{"name": "TC23 - Invalid Username And Password", "status": "failed", "statusDetails": {"message": "NoSuchWindowException: Message: no such window: target window already closed\nfrom unknown error: web view not found\n  (Session info: chrome=73.0.3683.103)\n  (Driver info: chromedriver=73.0.3683.68 (47787ec04b6e38e22703e856e101e840b65afe72),platform=Windows NT 10.0.17134 x86_64)\n"}, "steps": [{"name": "AdminLoginPage.Login With Invalid Credentials Should Fail", "status": "failed", "steps": [{"name": "AdminLoginPage.Login Admin Site", "status": "failed", "steps": [{"name": "BuiltIn.Log To Console", "status": "passed", "description": "Logs the given message to the console.", "parameters": [{"name": "arg1", "value": "Login to Joomla"}], "start": 1558068573466, "stop": 1558068573467}, {"name": "Selenium2Library.Input Text", "status": "failed", "statusDetails": {"message": "NoSuchWindowException: Message: no such window: target window already closed\nfrom unknown error: web view not found\n  (Session info: chrome=73.0.3683.103)\n  (Driver info: chromedriver=73.0.3683.68 (47787ec04b6e38e22703e856e101e840b65afe72),platform=Windows NT 10.0.17134 x86_64)\n"}, "description": "Types the given ``text`` into text field identified by ``locator``.", "steps": [{"name": "Selenium2Library.Capture Page Screenshot", "status": "failed", "statusDetails": {"message": "NoSuchWindowException: Message: no such window: target window already closed\nfrom unknown error: web view not found\n  (Session info: chrome=73.0.3683.103)\n  (Driver info: chromedriver=73.0.3683.68 (47787ec04b6e38e22703e856e101e840b65afe72),platform=Windows NT 10.0.17134 x86_64)\n"}, "description": "Takes screenshot of the current page and embeds it into log file.", "attachments": [{"name": "Keyword Log", "source": "b0ad8f8c-01c8-4a56-afd3-4c06123905b8-attachment.html", "type": "text/html"}], "start": 1558068573471, "stop": 1558068573489}], "attachments": [{"name": "Keyword Log", "source": "6160c756-116a-4c63-9971-d6429aab77bb-attachment.html", "type": "text/html"}], "parameters": [{"name": "arg1", "value": "${txt_username}"}, {"name": "arg2", "value": "${arg_username}"}], "start": 1558068573467, "stop": 1558068573496}], "parameters": [{"name": "arg1", "value": "${arg_invalid_username}"}, {"name": "arg2", "value": "${arg_invalid_password}"}], "start": 1558068573465, "stop": 1558068573496}], "parameters": [{"name": "arg1", "value": "${INVALID_USERNAME}"}, {"name": "arg2", "value": "${INVALID_PASSWORD}"}, {"name": "arg3", "value": "${ERROR_MESSAGE}"}], "start": 1558068573464, "stop": 1558068573497}], "start": 1558068573463, "stop": 1558068573498, "uuid": "615091ea-31c3-4214-b98c-889631c8febb", "historyId": "f5b8e880b0fb1b80df07da5fdce5a0f9", "fullName": "FunctionalTests.AdminDataDrivenLoginTest.TC23 - Invalid Username And Password", "labels": [{"name": "suite", "value": "FunctionalTests"}, {"name": "subSuite", "value": "AdminDataDrivenLoginTest"}, {"name": "thread", "value": 3}, {"name": "host", "value": "LGDN14303-W10"}, {"name": "framework", "value": "robotframework"}, {"name": "language", "value": "cpython3"}, {"name": "severity", "value": "critical"}]}