{"name": "TC21 - Invalid Username", "status": "failed", "statusDetails": {"message": "NoSuchWindowException: Message: no such window: target window already closed\nfrom unknown error: web view not found\n  (Session info: chrome=73.0.3683.103)\n  (Driver info: chromedriver=73.0.3683.68 (47787ec04b6e38e22703e856e101e840b65afe72),platform=Windows NT 10.0.17134 x86_64)\n"}, "steps": [{"name": "AdminLoginPage.Login With Invalid Credentials Should Fail", "status": "failed", "steps": [{"name": "AdminLoginPage.Login Admin Site", "status": "passed", "steps": [{"name": "BuiltIn.Log To Console", "status": "passed", "description": "Logs the given message to the console.", "parameters": [{"name": "arg1", "value": "Login to Joomla"}], "start": 1558068571431, "stop": 1558068571432}, {"name": "Selenium2Library.Input Text", "status": "passed", "description": "Types the given ``text`` into text field identified by ``locator``.", "attachments": [{"name": "Keyword Log", "source": "d18414b7-7d54-4d3d-964e-304751518154-attachment.html", "type": "text/html"}], "parameters": [{"name": "arg1", "value": "${txt_username}"}, {"name": "arg2", "value": "${arg_username}"}], "start": 1558068571433, "stop": 1558068571959}, {"name": "Selenium2Library.Input Text", "status": "passed", "description": "Types the given ``text`` into text field identified by ``locator``.", "attachments": [{"name": "Keyword Log", "source": "8917f06b-ad75-41d7-aeef-d676614728b9-attachment.html", "type": "text/html"}], "parameters": [{"name": "arg1", "value": "${txt_password}"}, {"name": "arg2", "value": "${arg_password}"}], "start": 1558068571959, "stop": 1558068572629}, {"name": "Selenium2Library.Click Button", "status": "passed", "description": "Clicks button identified by ``locator``.", "attachments": [{"name": "Keyword Log", "source": "3feacee7-73fa-41c4-bb5f-703196231ba8-attachment.html", "type": "text/html"}], "parameters": [{"name": "arg1", "value": "${btn_login}"}], "start": 1558068572630, "stop": 1558068573335}], "parameters": [{"name": "arg1", "value": "${arg_invalid_username}"}, {"name": "arg2", "value": "${arg_invalid_password}"}], "start": 1558068571430, "stop": 1558068573336}, {"name": "AdminLoginPage.Login Should Have Failed", "status": "failed", "steps": [{"name": "Selenium2Library.Element Text Should Be", "status": "failed", "statusDetails": {"message": "NoSuchWindowException: Message: no such window: target window already closed\nfrom unknown error: web view not found\n  (Session info: chrome=73.0.3683.103)\n  (Driver info: chromedriver=73.0.3683.68 (47787ec04b6e38e22703e856e101e840b65afe72),platform=Windows NT 10.0.17134 x86_64)\n"}, "description": "Verifies that element ``locator`` contains exact text ``expected``.", "steps": [{"name": "Selenium2Library.Capture Page Screenshot", "status": "failed", "statusDetails": {"message": "NoSuchWindowException: Message: no such window: target window already closed\nfrom unknown error: web view not found\n  (Session info: chrome=73.0.3683.103)\n  (Driver info: chromedriver=73.0.3683.68 (47787ec04b6e38e22703e856e101e840b65afe72),platform=Windows NT 10.0.17134 x86_64)\n"}, "description": "Takes screenshot of the current page and embeds it into log file.", "attachments": [{"name": "Keyword Log", "source": "ccac09e4-da5d-4393-9b54-5a23afbba03a-attachment.html", "type": "text/html"}], "start": 1558068573342, "stop": 1558068573359}], "attachments": [{"name": "Keyword Log", "source": "e6034097-55e6-4974-adb1-447cf56d8900-attachment.html", "type": "text/html"}], "parameters": [{"name": "arg1", "value": "${lbl_warning_header}"}, {"name": "arg2", "value": "${HEADER_TEXT}"}], "start": 1558068573338, "stop": 1558068573368}], "parameters": [{"name": "arg1", "value": "${arg_error_message}"}], "start": 1558068573336, "stop": 1558068573368}], "parameters": [{"name": "arg1", "value": "${INVALID_USERNAME}"}, {"name": "arg2", "value": "${PASSWORD}"}, {"name": "arg3", "value": "${ERROR_MESSAGE}"}], "start": 1558068571429, "stop": 1558068573369}], "start": 1558068571428, "stop": 1558068573370, "uuid": "111aed66-76dd-43be-bd05-e288f5221105", "historyId": "9e35baf0cbe25bc7e8e982b0135b0f4b", "fullName": "FunctionalTests.AdminDataDrivenLoginTest.TC21 - Invalid Username", "labels": [{"name": "suite", "value": "FunctionalTests"}, {"name": "subSuite", "value": "AdminDataDrivenLoginTest"}, {"name": "thread", "value": 3}, {"name": "host", "value": "LGDN14303-W10"}, {"name": "framework", "value": "robotframework"}, {"name": "language", "value": "cpython3"}, {"name": "severity", "value": "critical"}]}