{"name": "TC22 - Invalid Password", "status": "failed", "statusDetails": {"message": "NoSuchWindowException: Message: no such window: target window already closed\nfrom unknown error: web view not found\n  (Session info: chrome=73.0.3683.103)\n  (Driver info: chromedriver=73.0.3683.68 (47787ec04b6e38e22703e856e101e840b65afe72),platform=Windows NT 10.0.17134 x86_64)\n"}, "steps": [{"name": "AdminLoginPage.Login With Invalid Credentials Should Fail", "status": "failed", "steps": [{"name": "AdminLoginPage.Login Admin Site", "status": "failed", "steps": [{"name": "BuiltIn.Log To Console", "status": "passed", "description": "Logs the given message to the console.", "parameters": [{"name": "arg1", "value": "Login to Joomla"}], "start": 1558068573385, "stop": 1558068573386}, {"name": "Selenium2Library.Input Text", "status": "failed", "statusDetails": {"message": "NoSuchWindowException: Message: no such window: target window already closed\nfrom unknown error: web view not found\n  (Session info: chrome=73.0.3683.103)\n  (Driver info: chromedriver=73.0.3683.68 (47787ec04b6e38e22703e856e101e840b65afe72),platform=Windows NT 10.0.17134 x86_64)\n"}, "description": "Types the given ``text`` into text field identified by ``locator``.", "steps": [{"name": "Selenium2Library.Capture Page Screenshot", "status": "failed", "statusDetails": {"message": "NoSuchWindowException: Message: no such window: target window already closed\nfrom unknown error: web view not found\n  (Session info: chrome=73.0.3683.103)\n  (Driver info: chromedriver=73.0.3683.68 (47787ec04b6e38e22703e856e101e840b65afe72),platform=Windows NT 10.0.17134 x86_64)\n"}, "description": "Takes screenshot of the current page and embeds it into log file.", "attachments": [{"name": "Keyword Log", "source": "67acbb23-8742-441d-ace7-4ac4981460b4-attachment.html", "type": "text/html"}], "start": 1558068573391, "stop": 1558068573401}], "attachments": [{"name": "Keyword Log", "source": "d53f3d3e-4cb1-4856-a54c-691e75a9798f-attachment.html", "type": "text/html"}], "parameters": [{"name": "arg1", "value": "${txt_username}"}, {"name": "arg2", "value": "${arg_username}"}], "start": 1558068573387, "stop": 1558068573450}], "parameters": [{"name": "arg1", "value": "${arg_invalid_username}"}, {"name": "arg2", "value": "${arg_invalid_password}"}], "start": 1558068573384, "stop": 1558068573450}], "parameters": [{"name": "arg1", "value": "${USERNAME}"}, {"name": "arg2", "value": "${INVALID_PASSWORD}"}, {"name": "arg3", "value": "${ERROR_MESSAGE}"}], "start": 1558068573382, "stop": 1558068573451}], "start": 1558068573381, "stop": 1558068573452, "uuid": "c3a3425c-a913-415e-8c0e-cbfccf083774", "historyId": "f8a37eb88abecc046ce50de3ce31c14a", "fullName": "FunctionalTests.AdminDataDrivenLoginTest.TC22 - Invalid Password", "labels": [{"name": "suite", "value": "FunctionalTests"}, {"name": "subSuite", "value": "AdminDataDrivenLoginTest"}, {"name": "thread", "value": 3}, {"name": "host", "value": "LGDN14303-W10"}, {"name": "framework", "value": "robotframework"}, {"name": "language", "value": "cpython3"}, {"name": "severity", "value": "critical"}]}