<?xml version="1.0" encoding="UTF-8"?>
<robot generator="Robot 3.1.1 (Python 3.7.3 on win32)" generated="20190514 08:26:42.200" rpa="false">
<suite id="s1" name="RobotTeam2" source="C:\robot\RobotTeam2">
<suite id="s1-s1" name="RobotFrameworkProject" source="C:\robot\RobotTeam2\RobotFrameworkProject">
<suite id="s1-s1-s1" name="Tests" source="C:\robot\RobotTeam2\RobotFrameworkProject\Tests">
<suite id="s1-s1-s1-s1" name="AdminMenuTest" source="C:\robot\RobotTeam2\RobotFrameworkProject\Tests\AdminMenuTest.robot">
<kw name="Setup" library="Setup" type="setup">
<kw name="Append To Environment Variable" library="OperatingSystem">
<doc>Appends given ``values`` to environment variable ``name``.</doc>
<arguments>
<arg>PATH</arg>
<arg>C:\\robot\\RobotTeam2\\RobotFrameworkProject\\Resources/Drivers</arg>
</arguments>
<msg timestamp="20190514 08:26:42.590" level="INFO">Environment variable 'PATH' set to value 'C:/Program Files/Java/jre1.8.0_211/bin/server;C:/Program Files/Java/jre1.8.0_211/bin;C:/Program Files/Java/jre1.8.0_211/lib/amd64;C:\Python37\;C:\Python37\Scripts\;C:\Program Files (x86)\Common Files\Oracle\Java\javapath;C:\Program Files (x86)\Intel\Intel(R) Management Engine Components\iCLS\;C:\Program Files\Intel\Intel(R) Management Engine Components\iCLS\;C:\Windows\system32;C:\Windows;C:\Windows\System32\Wbem;C:\Windows\System32\WindowsPowerShell\v1.0\;C:\Windows\System32\OpenSSH\;C:\Program Files (x86)\Intel\Intel(R) Management Engine Components\DAL;C:\Program Files\Intel\Intel(R) Management Engine Components\DAL;C:\Program Files (x86)\Intel\Intel(R) Management Engine Components\IPT;C:\Program Files\Intel\Intel(R) Management Engine Components\IPT;C:\Program Files\Git\cmd;C:\xampp\php;C:\ProgramData\ComposerSetup\bin;C:\Program Files\nodejs\;C:\Users\InternDN19.01.03\Downloads\apache-maven-3.6.1-bin\apache-maven-3.6.1\bin;C:\Users\InternDN19.01.03\Downloads\apache-maven-3.6.1-bin\apache-maven-3.6.1\bin;C:\Users\InternDN19.01.03\AppData\Local\Programs\Python\Python37\Scripts\;C:\Users\InternDN19.01.03\AppData\Local\Programs\Python\Python37\;C:\Users\InternDN19.01.03\AppData\Local\Microsoft\WindowsApps;C:\webdrivers;C:\Users\InternDN19.01.03\AppData\Local\Programs\Microsoft VS Code\bin;C:\Users\InternDN19.01.03\AppData\Roaming\Composer\vendor\bin;C:\Users\InternDN19.01.03\AppData\Roaming\npm;;C:\eclipse-java-oxygen-1a-win32-x86_64\eclipse;;C:\Users\InternDN19.01.03\AppData\Local\Programs\Python\Python37\lib\site-packages\pywin32_system32;C:\robot\RobotTeam2\RobotFrameworkProject\Resources/Drivers'.</msg>
<status status="PASS" starttime="20190514 08:26:42.589" endtime="20190514 08:26:42.592"></status>
</kw>
<kw name="Append To Environment Variable" library="OperatingSystem">
<doc>Appends given ``values`` to environment variable ``name``.</doc>
<arguments>
<arg>PERCY_TOKEN</arg>
<arg>${PERCY_TOKEN}</arg>
</arguments>
<msg timestamp="20190514 08:26:42.594" level="INFO">Environment variable 'PERCY_TOKEN' set to value 'd8162921be37f9dc5c8a707a721a37e905953ddb71df15ba4c9e98415fbc0560'.</msg>
<status status="PASS" starttime="20190514 08:26:42.593" endtime="20190514 08:26:42.594"></status>
</kw>
<kw name="Open Browser" library="Selenium2Library">
<doc>Opens a new browser instance to the given ``url``.</doc>
<arguments>
<arg>${ROOT}</arg>
<arg>${BROWSER}</arg>
</arguments>
<msg timestamp="20190514 08:26:42.595" level="INFO">Opening browser 'Chrome' to base url 'http://192.168.189.72/joomla/administrator/'.</msg>
<status status="PASS" starttime="20190514 08:26:42.594" endtime="20190514 08:26:46.072"></status>
</kw>
<kw name="Maximize Browser Window" library="Selenium2Library">
<doc>Maximizes current browser window.</doc>
<status status="PASS" starttime="20190514 08:26:46.073" endtime="20190514 08:26:47.196"></status>
</kw>
<kw name="Percy Initialize Build">
<msg timestamp="20190514 08:26:47.206" level="FAIL">No keyword with name 'Percy Initialize Build' found.</msg>
<status status="FAIL" starttime="20190514 08:26:47.206" endtime="20190514 08:26:47.206"></status>
</kw>
<status status="FAIL" starttime="20190514 08:26:42.588" endtime="20190514 08:26:47.206"></status>
</kw>
<test id="s1-s1-s1-s1-t1" name="TC14 - Add A New Menu Successfully">
<status status="FAIL" starttime="20190514 08:26:47.206" endtime="20190514 08:26:47.208" critical="yes">Parent suite setup failed:
No keyword with name 'Percy Initialize Build' found.</status>
</test>
<test id="s1-s1-s1-s1-t2" name="TC15 - Add A Menu Item Successfully">
<status status="FAIL" starttime="20190514 08:26:47.208" endtime="20190514 08:26:47.210" critical="yes">Parent suite setup failed:
No keyword with name 'Percy Initialize Build' found.</status>
</test>
<test id="s1-s1-s1-s1-t3" name="TC17 - Delete A Menu Item Sucessfully">
<status status="FAIL" starttime="20190514 08:26:47.210" endtime="20190514 08:26:47.211" critical="yes">Parent suite setup failed:
No keyword with name 'Percy Initialize Build' found.</status>
</test>
<test id="s1-s1-s1-s1-t4" name="TC16 - Delete A Menu Successfully">
<status status="FAIL" starttime="20190514 08:26:47.212" endtime="20190514 08:26:47.213" critical="yes">Parent suite setup failed:
No keyword with name 'Percy Initialize Build' found.</status>
</test>
<status status="FAIL" starttime="20190514 08:26:42.402" endtime="20190514 08:26:47.214">Suite setup failed:
No keyword with name 'Percy Initialize Build' found.</status>
</suite>
<status status="FAIL" starttime="20190514 08:26:42.399" endtime="20190514 08:26:47.219"></status>
</suite>
<status status="FAIL" starttime="20190514 08:26:42.397" endtime="20190514 08:26:47.222"></status>
</suite>
<status status="FAIL" starttime="20190514 08:26:42.376" endtime="20190514 08:26:47.224"></status>
</suite>
<statistics>
<total>
<stat pass="0" fail="4">Critical Tests</stat>
<stat pass="0" fail="4">All Tests</stat>
</total>
<tag>
</tag>
<suite>
<stat pass="0" fail="4" id="s1" name="RobotTeam2">RobotTeam2</stat>
<stat pass="0" fail="4" id="s1-s1" name="RobotFrameworkProject">RobotTeam2.RobotFrameworkProject</stat>
<stat pass="0" fail="4" id="s1-s1-s1" name="Tests">RobotTeam2.RobotFrameworkProject.Tests</stat>
<stat pass="0" fail="4" id="s1-s1-s1-s1" name="AdminMenuTest">RobotTeam2.RobotFrameworkProject.Tests.AdminMenuTest</stat>
</suite>
</statistics>
<errors>
<msg timestamp="20190514 08:26:42.570" level="ERROR">Error in file 'C:\robot\RobotTeam2\RobotFrameworkProject\Resources\Setup.robot': Importing test library 'RobotFrameworkPercy' failed: ModuleNotFoundError: No module named 'RobotFrameworkPercy'
Traceback (most recent call last):
  None
PYTHONPATH:
  C:\robot\RobotTeam2
  C:\Users\InternDN19.01.03\AppData\Local\Programs\Python\Python37\python37.zip
  C:\Users\InternDN19.01.03\AppData\Local\Programs\Python\Python37\DLLs
  C:\Users\InternDN19.01.03\AppData\Local\Programs\Python\Python37\lib
  C:\Users\InternDN19.01.03\AppData\Local\Programs\Python\Python37
  C:\Users\InternDN19.01.03\AppData\Local\Programs\Python\Python37\lib\site-packages
  C:\Users\InternDN19.01.03\AppData\Local\Programs\Python\Python37\lib\site-packages\win32
  C:\Users\InternDN19.01.03\AppData\Local\Programs\Python\Python37\lib\site-packages\win32\lib
  C:\Users\InternDN19.01.03\AppData\Local\Programs\Python\Python37\lib\site-packages\Pythonwin</msg>
</errors>
</robot>
