<?xml version="1.0" encoding="UTF-8"?>
<robot generator="Robot 3.1.1 (Python 3.7.3 on win32)" generated="20190514 11:00:53.514" rpa="false">
<suite id="s1" name="Suites">
<suite id="s1-s1" name="AdminArticleTest" source="C:\Users\InternDN19.01.02\eclipse-workspace\RobotTeam2\RobotFrameworkProject\Tests\AdminArticleTest.robot">
<kw name="Setup" library="Setup" type="setup">
<kw name="Normalize Path" library="OperatingSystem">
<doc>Normalizes the given path.</doc>
<arguments>
<arg>path</arg>
<arg>/RobotTeam2/RobotFrameworkProject/Resources/chromedriver.exe</arg>
</arguments>
<assign>
<var>${PATH}</var>
</assign>
<msg timestamp="20190514 11:00:54.016" level="INFO">${PATH} = path</msg>
<status status="PASS" starttime="20190514 11:00:54.016" endtime="20190514 11:00:54.016"></status>
</kw>
<kw name="Log To Console" library="BuiltIn">
<doc>Logs the given message to the console.</doc>
<arguments>
<arg>${PATH}</arg>
</arguments>
<status status="PASS" starttime="20190514 11:00:54.016" endtime="20190514 11:00:54.016"></status>
</kw>
<kw name="Append To Environment Variable" library="OperatingSystem">
<doc>Appends given ``values`` to environment variable ``name``.</doc>
<arguments>
<arg>${PATH}</arg>
<arg>${PATH}</arg>
</arguments>
<msg timestamp="20190514 11:00:54.016" level="INFO">Environment variable 'path' set to value 'C:\Users\InternDN19.01.02\bin;C:\Program Files\Git\mingw64\bin;C:\Program Files\Git\usr\local\bin;C:\Program Files\Git\usr\bin;C:\Program Files\Git\usr\bin;C:\Program Files\Git\mingw64\bin;C:\Program Files\Git\usr\bin;C:\Users\InternDN19.01.02\bin;C:\Program Files (x86)\Common Files\Oracle\Java\javapath;C:\Program Files (x86)\Intel\iCLS Client;C:\Program Files\Intel\iCLS Client;C:\Windows\System32\cmd.exe;C:\Windows;C:\Windows\System32\Wbem;C:\Windows\System32\WindowsPowerShell\v1.0;C:\Windows\System32\OpenSSH;C:\Program Files\Intel\Intel(R) Management Engine Components\DAL;C:\Program Files\Intel\Intel(R) Management Engine Components\IPT;C:\Program Files (x86)\Intel\Intel(R) Management Engine Components\DAL;C:\Program Files (x86)\Intel\Intel(R) Management Engine Components\IPT;C:\Program Files (x86)\Intel\OpenCL SDK\2.0\bin\x86;C:\Program Files (x86)\Intel\OpenCL SDK\2.0\bin\x64;C:\Program Files\Git\cmd;C:\Program Files\webdrivers;C:\xampp\php;C:\ProgramData\ComposerSetup\bin;C:\Program Files\nodejs;C:\Program Files\Java\jdk-12\bin;C:\apache-maven-3.6.1\bin;%PYTHONPATH%\python-3.7.3.exe;C:\Windows\system32;%M2_HOME%\bin;C:\Users\InternDN19.01.02\AppData\Local\Programs\Python\Python37\Scripts;C:\Users\InternDN19.01.02\AppData\Local\Programs\Python\Python37;C:\Users\InternDN19.01.02\AppData\Local\Microsoft\WindowsApps;C:\Users\InternDN19.01.02\AppData\Local\Programs\Microsoft VS Code\bin;C:\Users\InternDN19.01.02\AppData\Roaming\Composer\vendor\bin;C:\Users\InternDN19.01.02\AppData\Roaming\npm;C:\Program Files\Maven;C:\Program Files\nodejs;C:\Program Files\Git\usr\bin\vendor_perl;C:\Program Files\Git\usr\bin\core_perl;C:\users\interndn19.01.02\appdata\local\programs\python\python37\lib\site-packages\pywin32_system32;c:\users\interndn19.01.02\appdata\local\programs\python\python37\lib\site-packages\pywin32_system32;path'.</msg>
<status status="PASS" starttime="20190514 11:00:54.016" endtime="20190514 11:00:54.016"></status>
</kw>
<kw name="Open Browser" library="Selenium2Library">
<doc>Opens a new browser instance to the given ``url``.</doc>
<arguments>
<arg>${ROOT}</arg>
<arg>${BROWSER}</arg>
</arguments>
<msg timestamp="20190514 11:00:54.016" level="INFO">Opening browser 'Chrome' to base url 'http://192.168.189.72/joomla/administrator/'.</msg>
<status status="PASS" starttime="20190514 11:00:54.016" endtime="20190514 11:00:58.119"></status>
</kw>
<kw name="Maximize Browser Window" library="Selenium2Library">
<doc>Maximizes current browser window.</doc>
<status status="PASS" starttime="20190514 11:00:58.119" endtime="20190514 11:00:59.269"></status>
</kw>
<status status="PASS" starttime="20190514 11:00:54.016" endtime="20190514 11:00:59.269"></status>
</kw>
<test id="s1-s1-t1" name="Test1">
<kw name="Generate Random String" library="String">
<doc>Generates a string with a desired ``length`` from the given ``chars``.</doc>
<arguments>
<arg>12</arg>
<arg>[LETTERS]</arg>
</arguments>
<assign>
<var>${ARTICLE_ALIAS}</var>
</assign>
<msg timestamp="20190514 11:00:59.271" level="INFO">${ARTICLE_ALIAS} = MXLeqZpCEXyK</msg>
<status status="PASS" starttime="20190514 11:00:59.270" endtime="20190514 11:00:59.271"></status>
</kw>
<kw name="Generate Random String" library="String">
<doc>Generates a string with a desired ``length`` from the given ``chars``.</doc>
<arguments>
<arg>30</arg>
<arg>[LETTERS]</arg>
</arguments>
<assign>
<var>${ARTICLE_TITLE}</var>
</assign>
<msg timestamp="20190514 11:00:59.272" level="INFO">${ARTICLE_TITLE} = gZUjeMUsSVWYHNuTJpjiyNsdwLYaYG</msg>
<status status="PASS" starttime="20190514 11:00:59.271" endtime="20190514 11:00:59.272"></status>
</kw>
<kw name="Login Admin Site" library="AdminLoginPage">
<arguments>
<arg>${USERNAME}</arg>
<arg>${PASSWORD}</arg>
</arguments>
<kw name="Log To Console" library="BuiltIn">
<doc>Logs the given message to the console.</doc>
<arguments>
<arg>Login to Joomla</arg>
</arguments>
<status status="PASS" starttime="20190514 11:00:59.273" endtime="20190514 11:00:59.273"></status>
</kw>
<kw name="Input Text" library="Selenium2Library">
<doc>Types the given ``text`` into text field identified by ``locator``.</doc>
<arguments>
<arg>${txt_username}</arg>
<arg>${arg_username}</arg>
</arguments>
<msg timestamp="20190514 11:00:59.273" level="INFO">Typing text 'admin' into text field 'id=mod-login-username'.</msg>
<status status="PASS" starttime="20190514 11:00:59.273" endtime="20190514 11:00:59.394"></status>
</kw>
<kw name="Input Text" library="Selenium2Library">
<doc>Types the given ``text`` into text field identified by ``locator``.</doc>
<arguments>
<arg>${txt_password}</arg>
<arg>${arg_password}</arg>
</arguments>
<msg timestamp="20190514 11:00:59.395" level="INFO">Typing text '123456789' into text field 'id=mod-login-password'.</msg>
<status status="PASS" starttime="20190514 11:00:59.395" endtime="20190514 11:00:59.543"></status>
</kw>
<kw name="Click Button" library="Selenium2Library">
<doc>Clicks button identified by ``locator``.</doc>
<arguments>
<arg>${btn_login}</arg>
</arguments>
<msg timestamp="20190514 11:00:59.543" level="INFO">Clicking button 'xpath=//div[@class="btn-group"]/button[@class="btn btn-primary btn-block btn-large login-button"]'.</msg>
<status status="PASS" starttime="20190514 11:00:59.543" endtime="20190514 11:01:00.976"></status>
</kw>
<status status="PASS" starttime="20190514 11:00:59.272" endtime="20190514 11:01:00.976"></status>
</kw>
<kw name="Go To Add New Article Page" library="AdminArticlePage">
<kw name="Select Sidebar Menu" library="AdminHomePage">
<arguments>
<arg>${lbl_new_article}</arg>
</arguments>
<kw name="Click Element" library="Selenium2Library">
<doc>Click element identified by ``locator``.</doc>
<arguments>
<arg>${arg_page}</arg>
</arguments>
<msg timestamp="20190514 11:01:00.978" level="INFO">Clicking element 'xpath=//div[@class="span3"]//a[span[contains(text(), "New Article")]]'.</msg>
<status status="PASS" starttime="20190514 11:01:00.978" endtime="20190514 11:01:04.001"></status>
</kw>
<status status="PASS" starttime="20190514 11:01:00.977" endtime="20190514 11:01:04.002"></status>
</kw>
<status status="PASS" starttime="20190514 11:01:00.977" endtime="20190514 11:01:04.002"></status>
</kw>
<kw name="Add New Article" library="AdminArticlePage">
<arguments>
<arg>${ARTICLE_TITLE}</arg>
<arg>${ARTICLE_ALIAS}</arg>
<arg>${ARTICLE_CONTENT}</arg>
</arguments>
<kw name="Input Text" library="Selenium2Library">
<doc>Types the given ``text`` into text field identified by ``locator``.</doc>
<arguments>
<arg>${txt_articles_title}</arg>
<arg>${arg_article_title}</arg>
</arguments>
<msg timestamp="20190514 11:01:04.004" level="INFO">Typing text 'gZUjeMUsSVWYHNuTJpjiyNsdwLYaYG' into text field 'id=jform_title'.</msg>
<status status="PASS" starttime="20190514 11:01:04.003" endtime="20190514 11:01:05.027"></status>
</kw>
<kw name="Input Text" library="Selenium2Library">
<doc>Types the given ``text`` into text field identified by ``locator``.</doc>
<arguments>
<arg>${txt_articles_alias}</arg>
<arg>${arg_article_alias}</arg>
</arguments>
<msg timestamp="20190514 11:01:05.028" level="INFO">Typing text 'MXLeqZpCEXyK' into text field 'id=jform_alias'.</msg>
<status status="PASS" starttime="20190514 11:01:05.028" endtime="20190514 11:01:05.394"></status>
</kw>
<kw name="Select Frame" library="Selenium2Library">
<doc>Sets frame identified by ``locator`` as the current frame.</doc>
<arguments>
<arg>${ifr_articles_frame}</arg>
</arguments>
<msg timestamp="20190514 11:01:05.395" level="INFO">Selecting frame 'xpath=//iframe[contains(@id,'jform_articletext_ifr')]'.</msg>
<status status="PASS" starttime="20190514 11:01:05.395" endtime="20190514 11:01:05.432"></status>
</kw>
<kw name="Input Text" library="Selenium2Library">
<doc>Types the given ``text`` into text field identified by ``locator``.</doc>
<arguments>
<arg>${txt_articles_add_content}</arg>
<arg>${arg_article_content}</arg>
</arguments>
<msg timestamp="20190514 11:01:05.433" level="INFO">Typing text 'IT BEGAN WITH A TRICKLE — curious developments that mostly raised more questions. There was evidence of election hacking — but could it really have been directed by the Kremlin? Certain Americans on Facebook, pitching for Donald J. Trump and stirring up anger, turned out to be impostors — but who had concocted them?' into text field 'id=tinymce'.</msg>
<status status="PASS" starttime="20190514 11:01:05.432" endtime="20190514 11:01:06.313"></status>
</kw>
<kw name="Unselect Frame" library="Selenium2Library">
<doc>Sets the main frame as the current frame.</doc>
<kw name="Capture Page Screenshot" library="Selenium2Library">
<doc>Takes screenshot of the current page and embeds it into log file.</doc>
<msg timestamp="20190514 11:01:06.323" level="FAIL">UnexpectedAlertPresentException: Alert Text: None
Message: unexpected alert open: {Alert text : }
  (Session info: chrome=73.0.3683.103)
  (Driver info: chromedriver=73.0.3683.68 (47787ec04b6e38e22703e856e101e840b65afe72),platform=Windows NT 10.0.17134 x86_64)
</msg>
<status status="FAIL" starttime="20190514 11:01:06.316" endtime="20190514 11:01:06.324"></status>
</kw>
<msg timestamp="20190514 11:01:06.324" level="WARN">Keyword 'Capture Page Screenshot' could not be run on failure: UnexpectedAlertPresentException: Alert Text: None
Message: unexpected alert open: {Alert text : }
  (Session info: chrome=73.0.3683.103)
  (Driver info: chromedriver=73.0.3683.68 (47787ec04b6e38e22703e856e101e840b65afe72),platform=Windows NT 10.0.17134 x86_64)
</msg>
<msg timestamp="20190514 11:01:06.334" level="FAIL">UnexpectedAlertPresentException: Alert Text: None
Message: unexpected alert open: {Alert text : }
  (Session info: chrome=73.0.3683.103)
  (Driver info: chromedriver=73.0.3683.68 (47787ec04b6e38e22703e856e101e840b65afe72),platform=Windows NT 10.0.17134 x86_64)
</msg>
<status status="FAIL" starttime="20190514 11:01:06.313" endtime="20190514 11:01:06.334"></status>
</kw>
<status status="FAIL" starttime="20190514 11:01:04.002" endtime="20190514 11:01:06.334"></status>
</kw>
<status status="FAIL" starttime="20190514 11:00:59.269" endtime="20190514 11:01:06.335" critical="yes">UnexpectedAlertPresentException: Alert Text: None
Message: unexpected alert open: {Alert text : }
  (Session info: chrome=73.0.3683.103)
  (Driver info: chromedriver=73.0.3683.68 (47787ec04b6e38e22703e856e101e840b65afe72),platform=Windows NT 10.0.17134 x86_64)
</status>
</test>
<test id="s1-s1-t2" name="TC02 - Edit Article Information">
<kw name="Generate Random String" library="String">
<doc>Generates a string with a desired ``length`` from the given ``chars``.</doc>
<arguments>
<arg>12</arg>
<arg>[LETTERS]</arg>
</arguments>
<assign>
<var>${ARTICLE_ALIAS}</var>
</assign>
<msg timestamp="20190514 11:01:06.338" level="INFO">${ARTICLE_ALIAS} = wxyobnzDiedp</msg>
<status status="PASS" starttime="20190514 11:01:06.337" endtime="20190514 11:01:06.338"></status>
</kw>
<kw name="Generate Random String" library="String">
<doc>Generates a string with a desired ``length`` from the given ``chars``.</doc>
<arguments>
<arg>30</arg>
<arg>[LETTERS]</arg>
</arguments>
<assign>
<var>${ARTICLE_TITLE}</var>
</assign>
<msg timestamp="20190514 11:01:06.339" level="INFO">${ARTICLE_TITLE} = dKBaQAqsvATzisdTSnDBkQJbNhOLfp</msg>
<status status="PASS" starttime="20190514 11:01:06.338" endtime="20190514 11:01:06.339"></status>
</kw>
<kw name="Login Admin Site" library="AdminLoginPage">
<arguments>
<arg>${USERNAME}</arg>
<arg>${PASSWORD}</arg>
</arguments>
<kw name="Log To Console" library="BuiltIn">
<doc>Logs the given message to the console.</doc>
<arguments>
<arg>Login to Joomla</arg>
</arguments>
<status status="PASS" starttime="20190514 11:01:06.340" endtime="20190514 11:01:06.340"></status>
</kw>
<kw name="Input Text" library="Selenium2Library">
<doc>Types the given ``text`` into text field identified by ``locator``.</doc>
<arguments>
<arg>${txt_username}</arg>
<arg>${arg_username}</arg>
</arguments>
<msg timestamp="20190514 11:01:06.341" level="INFO">Typing text 'admin' into text field 'id=mod-login-username'.</msg>
<kw name="Capture Page Screenshot" library="Selenium2Library">
<doc>Takes screenshot of the current page and embeds it into log file.</doc>
<msg timestamp="20190514 11:01:06.348" level="FAIL">UnexpectedAlertPresentException: Alert Text: None
Message: unexpected alert open: {Alert text : }
  (Session info: chrome=73.0.3683.103)
  (Driver info: chromedriver=73.0.3683.68 (47787ec04b6e38e22703e856e101e840b65afe72),platform=Windows NT 10.0.17134 x86_64)
</msg>
<status status="FAIL" starttime="20190514 11:01:06.343" endtime="20190514 11:01:06.348"></status>
</kw>
<msg timestamp="20190514 11:01:06.348" level="WARN">Keyword 'Capture Page Screenshot' could not be run on failure: UnexpectedAlertPresentException: Alert Text: None
Message: unexpected alert open: {Alert text : }
  (Session info: chrome=73.0.3683.103)
  (Driver info: chromedriver=73.0.3683.68 (47787ec04b6e38e22703e856e101e840b65afe72),platform=Windows NT 10.0.17134 x86_64)
</msg>
<msg timestamp="20190514 11:01:06.353" level="FAIL">UnexpectedAlertPresentException: Alert Text: None
Message: unexpected alert open: {Alert text : }
  (Session info: chrome=73.0.3683.103)
  (Driver info: chromedriver=73.0.3683.68 (47787ec04b6e38e22703e856e101e840b65afe72),platform=Windows NT 10.0.17134 x86_64)
</msg>
<status status="FAIL" starttime="20190514 11:01:06.340" endtime="20190514 11:01:06.353"></status>
</kw>
<status status="FAIL" starttime="20190514 11:01:06.339" endtime="20190514 11:01:06.354"></status>
</kw>
<status status="FAIL" starttime="20190514 11:01:06.336" endtime="20190514 11:01:06.354" critical="yes">UnexpectedAlertPresentException: Alert Text: None
Message: unexpected alert open: {Alert text : }
  (Session info: chrome=73.0.3683.103)
  (Driver info: chromedriver=73.0.3683.68 (47787ec04b6e38e22703e856e101e840b65afe72),platform=Windows NT 10.0.17134 x86_64)
</status>
</test>
<test id="s1-s1-t3" name="TC03 - Unpublish An Article">
<kw name="Generate Random String" library="String">
<doc>Generates a string with a desired ``length`` from the given ``chars``.</doc>
<arguments>
<arg>12</arg>
<arg>[LETTERS]</arg>
</arguments>
<assign>
<var>${ARTICLE_ALIAS}</var>
</assign>
<msg timestamp="20190514 11:01:06.356" level="INFO">${ARTICLE_ALIAS} = PHulHestCGcF</msg>
<status status="PASS" starttime="20190514 11:01:06.355" endtime="20190514 11:01:06.356"></status>
</kw>
<kw name="Generate Random String" library="String">
<doc>Generates a string with a desired ``length`` from the given ``chars``.</doc>
<arguments>
<arg>30</arg>
<arg>[LETTERS]</arg>
</arguments>
<assign>
<var>${ARTICLE_TITLE}</var>
</assign>
<msg timestamp="20190514 11:01:06.357" level="INFO">${ARTICLE_TITLE} = cjibArQWwyglkFsSABKLqmXkSLnQlG</msg>
<status status="PASS" starttime="20190514 11:01:06.356" endtime="20190514 11:01:06.357"></status>
</kw>
<kw name="Login Admin Site" library="AdminLoginPage">
<arguments>
<arg>${USERNAME}</arg>
<arg>${PASSWORD}</arg>
</arguments>
<kw name="Log To Console" library="BuiltIn">
<doc>Logs the given message to the console.</doc>
<arguments>
<arg>Login to Joomla</arg>
</arguments>
<status status="PASS" starttime="20190514 11:01:06.358" endtime="20190514 11:01:06.358"></status>
</kw>
<kw name="Input Text" library="Selenium2Library">
<doc>Types the given ``text`` into text field identified by ``locator``.</doc>
<arguments>
<arg>${txt_username}</arg>
<arg>${arg_username}</arg>
</arguments>
<msg timestamp="20190514 11:01:06.359" level="INFO">Typing text 'admin' into text field 'id=mod-login-username'.</msg>
<kw name="Capture Page Screenshot" library="Selenium2Library">
<doc>Takes screenshot of the current page and embeds it into log file.</doc>
<msg timestamp="20190514 11:01:06.365" level="FAIL">UnexpectedAlertPresentException: Alert Text: None
Message: unexpected alert open: {Alert text : }
  (Session info: chrome=73.0.3683.103)
  (Driver info: chromedriver=73.0.3683.68 (47787ec04b6e38e22703e856e101e840b65afe72),platform=Windows NT 10.0.17134 x86_64)
</msg>
<status status="FAIL" starttime="20190514 11:01:06.361" endtime="20190514 11:01:06.365"></status>
</kw>
<msg timestamp="20190514 11:01:06.365" level="WARN">Keyword 'Capture Page Screenshot' could not be run on failure: UnexpectedAlertPresentException: Alert Text: None
Message: unexpected alert open: {Alert text : }
  (Session info: chrome=73.0.3683.103)
  (Driver info: chromedriver=73.0.3683.68 (47787ec04b6e38e22703e856e101e840b65afe72),platform=Windows NT 10.0.17134 x86_64)
</msg>
<msg timestamp="20190514 11:01:06.366" level="FAIL">UnexpectedAlertPresentException: Alert Text: None
Message: unexpected alert open: {Alert text : }
  (Session info: chrome=73.0.3683.103)
  (Driver info: chromedriver=73.0.3683.68 (47787ec04b6e38e22703e856e101e840b65afe72),platform=Windows NT 10.0.17134 x86_64)
</msg>
<status status="FAIL" starttime="20190514 11:01:06.358" endtime="20190514 11:01:06.366"></status>
</kw>
<status status="FAIL" starttime="20190514 11:01:06.357" endtime="20190514 11:01:06.367"></status>
</kw>
<status status="FAIL" starttime="20190514 11:01:06.355" endtime="20190514 11:01:06.367" critical="yes">UnexpectedAlertPresentException: Alert Text: None
Message: unexpected alert open: {Alert text : }
  (Session info: chrome=73.0.3683.103)
  (Driver info: chromedriver=73.0.3683.68 (47787ec04b6e38e22703e856e101e840b65afe72),platform=Windows NT 10.0.17134 x86_64)
</status>
</test>
<test id="s1-s1-t4" name="TC04 - Delete An Article">
<kw name="Generate Random String" library="String">
<doc>Generates a string with a desired ``length`` from the given ``chars``.</doc>
<arguments>
<arg>12</arg>
<arg>[LETTERS]</arg>
</arguments>
<assign>
<var>${ARTICLE_ALIAS}</var>
</assign>
<msg timestamp="20190514 11:01:06.369" level="INFO">${ARTICLE_ALIAS} = QBpGBckTbHeQ</msg>
<status status="PASS" starttime="20190514 11:01:06.368" endtime="20190514 11:01:06.369"></status>
</kw>
<kw name="Generate Random String" library="String">
<doc>Generates a string with a desired ``length`` from the given ``chars``.</doc>
<arguments>
<arg>30</arg>
<arg>[LETTERS]</arg>
</arguments>
<assign>
<var>${ARTICLE_TITLE}</var>
</assign>
<msg timestamp="20190514 11:01:06.369" level="INFO">${ARTICLE_TITLE} = NudXhKHYPuFRfjwtxwSMbfXLbUZmPq</msg>
<status status="PASS" starttime="20190514 11:01:06.369" endtime="20190514 11:01:06.370"></status>
</kw>
<kw name="Login Admin Site" library="AdminLoginPage">
<arguments>
<arg>${USERNAME}</arg>
<arg>${PASSWORD}</arg>
</arguments>
<kw name="Log To Console" library="BuiltIn">
<doc>Logs the given message to the console.</doc>
<arguments>
<arg>Login to Joomla</arg>
</arguments>
<status status="PASS" starttime="20190514 11:01:06.370" endtime="20190514 11:01:06.371"></status>
</kw>
<kw name="Input Text" library="Selenium2Library">
<doc>Types the given ``text`` into text field identified by ``locator``.</doc>
<arguments>
<arg>${txt_username}</arg>
<arg>${arg_username}</arg>
</arguments>
<msg timestamp="20190514 11:01:06.371" level="INFO">Typing text 'admin' into text field 'id=mod-login-username'.</msg>
<kw name="Capture Page Screenshot" library="Selenium2Library">
<doc>Takes screenshot of the current page and embeds it into log file.</doc>
<msg timestamp="20190514 11:01:06.378" level="FAIL">UnexpectedAlertPresentException: Alert Text: None
Message: unexpected alert open: {Alert text : }
  (Session info: chrome=73.0.3683.103)
  (Driver info: chromedriver=73.0.3683.68 (47787ec04b6e38e22703e856e101e840b65afe72),platform=Windows NT 10.0.17134 x86_64)
</msg>
<status status="FAIL" starttime="20190514 11:01:06.373" endtime="20190514 11:01:06.378"></status>
</kw>
<msg timestamp="20190514 11:01:06.378" level="WARN">Keyword 'Capture Page Screenshot' could not be run on failure: UnexpectedAlertPresentException: Alert Text: None
Message: unexpected alert open: {Alert text : }
  (Session info: chrome=73.0.3683.103)
  (Driver info: chromedriver=73.0.3683.68 (47787ec04b6e38e22703e856e101e840b65afe72),platform=Windows NT 10.0.17134 x86_64)
</msg>
<msg timestamp="20190514 11:01:06.380" level="FAIL">UnexpectedAlertPresentException: Alert Text: None
Message: unexpected alert open: {Alert text : }
  (Session info: chrome=73.0.3683.103)
  (Driver info: chromedriver=73.0.3683.68 (47787ec04b6e38e22703e856e101e840b65afe72),platform=Windows NT 10.0.17134 x86_64)
</msg>
<status status="FAIL" starttime="20190514 11:01:06.371" endtime="20190514 11:01:06.380"></status>
</kw>
<status status="FAIL" starttime="20190514 11:01:06.370" endtime="20190514 11:01:06.381"></status>
</kw>
<status status="FAIL" starttime="20190514 11:01:06.367" endtime="20190514 11:01:06.381" critical="yes">UnexpectedAlertPresentException: Alert Text: None
Message: unexpected alert open: {Alert text : }
  (Session info: chrome=73.0.3683.103)
  (Driver info: chromedriver=73.0.3683.68 (47787ec04b6e38e22703e856e101e840b65afe72),platform=Windows NT 10.0.17134 x86_64)
</status>
</test>
<kw name="Teardown" library="Setup" type="teardown">
<kw name="Close All Browsers" library="Selenium2Library">
<doc>Closes all open browsers and resets the browser cache.</doc>
<status status="PASS" starttime="20190514 11:01:06.382" endtime="20190514 11:01:08.530"></status>
</kw>
<status status="PASS" starttime="20190514 11:01:06.382" endtime="20190514 11:01:08.530"></status>
</kw>
<status status="FAIL" starttime="20190514 11:00:53.546" endtime="20190514 11:01:08.530"></status>
</suite>
<status status="FAIL" starttime="20190514 11:00:53.514" endtime="20190514 11:01:08.530"></status>
</suite>
<statistics>
<total>
<stat pass="0" fail="4">Critical Tests</stat>
<stat pass="0" fail="4">All Tests</stat>
</total>
<tag>
</tag>
<suite>
<stat pass="0" fail="4" id="s1" name="Suites">Suites</stat>
<stat pass="0" fail="4" id="s1-s1" name="AdminArticleTest">Suites.AdminArticleTest</stat>
</suite>
</statistics>
<errors>
<msg timestamp="20190514 11:01:06.324" level="WARN">Keyword 'Capture Page Screenshot' could not be run on failure: UnexpectedAlertPresentException: Alert Text: None
Message: unexpected alert open: {Alert text : }
  (Session info: chrome=73.0.3683.103)
  (Driver info: chromedriver=73.0.3683.68 (47787ec04b6e38e22703e856e101e840b65afe72),platform=Windows NT 10.0.17134 x86_64)
</msg>
<msg timestamp="20190514 11:01:06.348" level="WARN">Keyword 'Capture Page Screenshot' could not be run on failure: UnexpectedAlertPresentException: Alert Text: None
Message: unexpected alert open: {Alert text : }
  (Session info: chrome=73.0.3683.103)
  (Driver info: chromedriver=73.0.3683.68 (47787ec04b6e38e22703e856e101e840b65afe72),platform=Windows NT 10.0.17134 x86_64)
</msg>
<msg timestamp="20190514 11:01:06.365" level="WARN">Keyword 'Capture Page Screenshot' could not be run on failure: UnexpectedAlertPresentException: Alert Text: None
Message: unexpected alert open: {Alert text : }
  (Session info: chrome=73.0.3683.103)
  (Driver info: chromedriver=73.0.3683.68 (47787ec04b6e38e22703e856e101e840b65afe72),platform=Windows NT 10.0.17134 x86_64)
</msg>
<msg timestamp="20190514 11:01:06.378" level="WARN">Keyword 'Capture Page Screenshot' could not be run on failure: UnexpectedAlertPresentException: Alert Text: None
Message: unexpected alert open: {Alert text : }
  (Session info: chrome=73.0.3683.103)
  (Driver info: chromedriver=73.0.3683.68 (47787ec04b6e38e22703e856e101e840b65afe72),platform=Windows NT 10.0.17134 x86_64)
</msg>
</errors>
</robot>
