<?xml version="1.0" encoding="UTF-8"?>
<robot generator="Robot 3.1.1 (Python 3.7.3 on win32)" generated="20190523 10:02:48.348" rpa="false">
<suite id="s1" name="Tests" source="C:\Users\InternDN19.01.07\Desktop\Intern19_DinhThiAnhThao\Project_Phase1_Researching\project\RobotTeam2\RobotFrameworkProject\Tests">
<suite id="s1-s1" name="VisualTests" source="C:\Users\InternDN19.01.07\Desktop\Intern19_DinhThiAnhThao\Project_Phase1_Researching\project\RobotTeam2\RobotFrameworkProject\Tests\VisualTests">
<suite id="s1-s1-s1" name="AdminManageExtensionsVisualTest" source="C:\Users\InternDN19.01.07\Desktop\Intern19_DinhThiAnhThao\Project_Phase1_Researching\project\RobotTeam2\RobotFrameworkProject\Tests\VisualTests\AdminManageExtensionsVisualTest.robot">
<kw name="Setup" library="SetupBuild2" type="setup">
<kw name="Append To Environment Variable" library="OperatingSystem">
<doc>Appends given ``values`` to environment variable ``name``.</doc>
<arguments>
<arg>PATH</arg>
<arg>C:\\Users\\InternDN19.01.07\\Desktop\\Intern19_DinhThiAnhThao\\Project_Phase1_Researching\\project\\RobotTeam2\\RobotFrameworkProject\\Resources/Drivers</arg>
</arguments>
<msg timestamp="20190523 10:02:48.713" level="INFO">Environment variable 'PATH' set to value 'C:\Users\InternDN19.01.07\bin;C:\Program Files\Git\mingw64\bin;C:\Program Files\Git\usr\local\bin;C:\Program Files\Git\usr\bin;C:\Program Files\Git\usr\bin;C:\Program Files\Git\mingw64\bin;C:\Program Files\Git\usr\bin;C:\Users\InternDN19.01.07\bin;C:\Python37;C:\Python37\Scripts;C:\Program Files (x86)\Common Files\Oracle\Java\javapath;C:\Program Files (x86)\Intel\Intel(R) Management Engine Components\iCLS;C:\Program Files\Intel\Intel(R) Management Engine Components\iCLS;C:\Windows\system32;C:\Windows;C:\Windows\System32\Wbem;C:\Windows\System32\WindowsPowerShell\v1.0;C:\Windows\System32\OpenSSH;C:\Program Files (x86)\Intel\Intel(R) Management Engine Components\DAL;C:\Program Files\Intel\Intel(R) Management Engine Components\DAL;C:\Program Files (x86)\Intel\Intel(R) Management Engine Components\IPT;C:\Program Files\Intel\Intel(R) Management Engine Components\IPT;C:\Program Files\Git\cmd;C:\Python27\Lib\site-packages;C:\Users\InternDN19.01.07\Desktop\Intern19_DinhThiAnhThao\SeleniumWebdriver;C:\xampp\php;C:\composer;C:\Program Files\nodejs;C:\Program Files\maven\apache-maven-3.6.1\bin;C:\Program Files\Java\jdk1.8.0_201\bin;C:\Users\InternDN19.01.07\Downloads\allure-2.10.0\bin;C:\Users\InternDN19.01.07\AppData\Local\Programs\Python\Python37\Scripts;C:\Users\InternDN19.01.07\AppData\Local\Programs\Python\Python37;C:\Users\InternDN19.01.07\AppData\Local\Microsoft\WindowsApps;C:\Users\InternDN19.01.07\AppData\Local\Programs\Microsoft VS Code\bin;C:\Users\InternDN19.01.07\AppData\Roaming\Composer\vendor\bin;C:\Users\InternDN19.01.07\AppData\Roaming\npm;C:\Program Files\Git\usr\bin\vendor_perl;C:\Program Files\Git\usr\bin\core_perl;C:\users\interndn19.01.07\appdata\local\programs\python\python37\lib\site-packages\pywin32_system32;c:\users\interndn19.01.07\appdata\local\programs\python\python37\lib\site-packages\pywin32_system32;C:\Users\InternDN19.01.07\Desktop\Intern19_DinhThiAnhThao\Project_Phase1_Researching\project\RobotTeam2\RobotFrameworkProject\Resources/Drivers'.</msg>
<status status="PASS" starttime="20190523 10:02:48.712" endtime="20190523 10:02:48.713"></status>
</kw>
<kw name="Open Browser" library="Selenium2Library">
<doc>Opens a new browser instance to the given ``url``.</doc>
<arguments>
<arg>${ROOT}</arg>
<arg>${BROWSER}</arg>
</arguments>
<msg timestamp="20190523 10:02:48.713" level="INFO">Opening browser 'Chrome' to base url 'http://192.168.189.72/joomla_build2/administrator/'.</msg>
<status status="PASS" starttime="20190523 10:02:48.713" endtime="20190523 10:02:53.922"></status>
</kw>
<kw name="Maximize Browser Window" library="Selenium2Library">
<doc>Maximizes current browser window.</doc>
<status status="PASS" starttime="20190523 10:02:53.922" endtime="20190523 10:02:55.053"></status>
</kw>
<kw name="Percy Initialize Build" library="PercySetupBuild2">
<arguments>
<arg>${PERCY_TOKEN}</arg>
</arguments>
<status status="PASS" starttime="20190523 10:02:55.054" endtime="20190523 10:02:57.817"></status>
</kw>
<status status="PASS" starttime="20190523 10:02:48.712" endtime="20190523 10:02:57.817"></status>
</kw>
<test id="s1-s1-s1-t1" name="TC01 - Check UI Of Manage Extensions Pages">
<kw name="Login Admin Site" library="AdminLoginPage">
<arguments>
<arg>${USERNAME}</arg>
<arg>${PASSWORD}</arg>
</arguments>
<kw name="Log To Console" library="BuiltIn">
<doc>Logs the given message to the console.</doc>
<arguments>
<arg>Login to Joomla</arg>
</arguments>
<status status="PASS" starttime="20190523 10:02:57.819" endtime="20190523 10:02:57.820"></status>
</kw>
<kw name="Input Text" library="Selenium2Library">
<doc>Types the given ``text`` into text field identified by ``locator``.</doc>
<arguments>
<arg>${txt_username}</arg>
<arg>${arg_username}</arg>
</arguments>
<msg timestamp="20190523 10:02:57.820" level="INFO">Typing text 'admin' into text field 'id=mod-login-username'.</msg>
<status status="PASS" starttime="20190523 10:02:57.820" endtime="20190523 10:02:57.912"></status>
</kw>
<kw name="Input Text" library="Selenium2Library">
<doc>Types the given ``text`` into text field identified by ``locator``.</doc>
<arguments>
<arg>${txt_password}</arg>
<arg>${arg_password}</arg>
</arguments>
<msg timestamp="20190523 10:02:57.913" level="INFO">Typing text '123456789' into text field 'id=mod-login-password'.</msg>
<status status="PASS" starttime="20190523 10:02:57.912" endtime="20190523 10:02:58.013"></status>
</kw>
<kw name="Click Button" library="Selenium2Library">
<doc>Clicks button identified by ``locator``.</doc>
<arguments>
<arg>${btn_login}</arg>
</arguments>
<msg timestamp="20190523 10:02:58.013" level="INFO">Clicking button 'xpath=//div[@class="btn-group"]/button[@class="btn btn-primary btn-block btn-large login-button"]'.</msg>
<status status="PASS" starttime="20190523 10:02:58.013" endtime="20190523 10:03:01.465"></status>
</kw>
<status status="PASS" starttime="20190523 10:02:57.819" endtime="20190523 10:03:01.465"></status>
</kw>
<kw name="Go To Manage Extensions Install page" library="AdminManageExtensionsPage">
<kw name="Click Element" library="Selenium2Library">
<doc>Click element identified by ``locator``.</doc>
<arguments>
<arg>${menu_extensiton}</arg>
</arguments>
<msg timestamp="20190523 10:03:01.466" level="INFO">Clicking element 'xpath=//ul[@id="menu"]//a[contains(text(), "Extensions ")]'.</msg>
<status status="PASS" starttime="20190523 10:03:01.466" endtime="20190523 10:03:01.597"></status>
</kw>
<kw name="Click Element" library="Selenium2Library">
<doc>Click element identified by ``locator``.</doc>
<arguments>
<arg>${submenu_manage_extensions}</arg>
</arguments>
<msg timestamp="20190523 10:03:01.598" level="INFO">Clicking element 'xpath=//ul[@id="menu"]//a[@class="dropdown-toggle menu-install"]'.</msg>
<status status="PASS" starttime="20190523 10:03:01.597" endtime="20190523 10:03:02.803"></status>
</kw>
<status status="PASS" starttime="20190523 10:03:01.465" endtime="20190523 10:03:02.803"></status>
</kw>
<kw name="Percy Snapshot" library="PercySetupBuild2">
<arguments>
<arg>Manage Extensions Install Page</arg>
</arguments>
<status status="PASS" starttime="20190523 10:03:02.803" endtime="20190523 10:03:05.759"></status>
</kw>
<kw name="Go to Manage Etensions" library="AdminManageExtensionsPage">
<arguments>
<arg>${MANAGE_EXTENSION_MANAGE_PAGE}</arg>
</arguments>
<kw name="Format String" library="String">
<doc>Formats a ``template`` using the given ``positional`` and ``named`` arguments.</doc>
<arguments>
<arg>${xph_extensions_page}</arg>
<arg>${arg_extension_page}</arg>
</arguments>
<assign>
<var>${extensions_page}</var>
</assign>
<msg timestamp="20190523 10:03:05.760" level="INFO">${extensions_page} = xpath=//ul[@id="submenu"]/li/a[contains(text(),"Manage")]</msg>
<status status="PASS" starttime="20190523 10:03:05.760" endtime="20190523 10:03:05.760"></status>
</kw>
<kw name="Click Element" library="Selenium2Library">
<doc>Click element identified by ``locator``.</doc>
<arguments>
<arg>${extensions_page}</arg>
</arguments>
<msg timestamp="20190523 10:03:05.761" level="INFO">Clicking element 'xpath=//ul[@id="submenu"]/li/a[contains(text(),"Manage")]'.</msg>
<status status="PASS" starttime="20190523 10:03:05.760" endtime="20190523 10:03:08.181"></status>
</kw>
<status status="PASS" starttime="20190523 10:03:05.760" endtime="20190523 10:03:08.181"></status>
</kw>
<kw name="Percy Snapshot" library="PercySetupBuild2">
<arguments>
<arg>Manage Extensions Manage Page</arg>
</arguments>
<status status="PASS" starttime="20190523 10:03:08.181" endtime="20190523 10:03:10.919"></status>
</kw>
<kw name="Go to Manage Etensions" library="AdminManageExtensionsPage">
<arguments>
<arg>${MANAGE_EXTENSION_DISCOVER_PAGE}</arg>
</arguments>
<kw name="Format String" library="String">
<doc>Formats a ``template`` using the given ``positional`` and ``named`` arguments.</doc>
<arguments>
<arg>${xph_extensions_page}</arg>
<arg>${arg_extension_page}</arg>
</arguments>
<assign>
<var>${extensions_page}</var>
</assign>
<msg timestamp="20190523 10:03:10.920" level="INFO">${extensions_page} = xpath=//ul[@id="submenu"]/li/a[contains(text(),"Discover")]</msg>
<status status="PASS" starttime="20190523 10:03:10.920" endtime="20190523 10:03:10.921"></status>
</kw>
<kw name="Click Element" library="Selenium2Library">
<doc>Click element identified by ``locator``.</doc>
<arguments>
<arg>${extensions_page}</arg>
</arguments>
<msg timestamp="20190523 10:03:10.921" level="INFO">Clicking element 'xpath=//ul[@id="submenu"]/li/a[contains(text(),"Discover")]'.</msg>
<status status="PASS" starttime="20190523 10:03:10.921" endtime="20190523 10:03:13.444"></status>
</kw>
<status status="PASS" starttime="20190523 10:03:10.919" endtime="20190523 10:03:13.444"></status>
</kw>
<kw name="Percy Snapshot" library="PercySetupBuild2">
<arguments>
<arg>Manage Extensions Discover Page</arg>
</arguments>
<status status="PASS" starttime="20190523 10:03:13.444" endtime="20190523 10:03:15.796"></status>
</kw>
<kw name="Go to Manage Etensions" library="AdminManageExtensionsPage">
<arguments>
<arg>${MANAGE_EXTENSION_WARNING_PAGE}</arg>
</arguments>
<kw name="Format String" library="String">
<doc>Formats a ``template`` using the given ``positional`` and ``named`` arguments.</doc>
<arguments>
<arg>${xph_extensions_page}</arg>
<arg>${arg_extension_page}</arg>
</arguments>
<assign>
<var>${extensions_page}</var>
</assign>
<msg timestamp="20190523 10:03:15.797" level="INFO">${extensions_page} = xpath=//ul[@id="submenu"]/li/a[contains(text(),"Warnings")]</msg>
<status status="PASS" starttime="20190523 10:03:15.797" endtime="20190523 10:03:15.797"></status>
</kw>
<kw name="Click Element" library="Selenium2Library">
<doc>Click element identified by ``locator``.</doc>
<arguments>
<arg>${extensions_page}</arg>
</arguments>
<msg timestamp="20190523 10:03:15.798" level="INFO">Clicking element 'xpath=//ul[@id="submenu"]/li/a[contains(text(),"Warnings")]'.</msg>
<status status="PASS" starttime="20190523 10:03:15.797" endtime="20190523 10:03:16.410"></status>
</kw>
<status status="PASS" starttime="20190523 10:03:15.796" endtime="20190523 10:03:16.410"></status>
</kw>
<kw name="Percy Snapshot" library="PercySetupBuild2">
<arguments>
<arg>Manage Extensions Warnings Page</arg>
</arguments>
<status status="PASS" starttime="20190523 10:03:16.410" endtime="20190523 10:03:18.905"></status>
</kw>
<kw name="Go to Manage Etensions" library="AdminManageExtensionsPage">
<arguments>
<arg>${MANAGE_EXTENSION_LANGUAGE_PAGE}</arg>
</arguments>
<kw name="Format String" library="String">
<doc>Formats a ``template`` using the given ``positional`` and ``named`` arguments.</doc>
<arguments>
<arg>${xph_extensions_page}</arg>
<arg>${arg_extension_page}</arg>
</arguments>
<assign>
<var>${extensions_page}</var>
</assign>
<msg timestamp="20190523 10:03:18.907" level="INFO">${extensions_page} = xpath=//ul[@id="submenu"]/li/a[contains(text(),"Install Languages")]</msg>
<status status="PASS" starttime="20190523 10:03:18.906" endtime="20190523 10:03:18.907"></status>
</kw>
<kw name="Click Element" library="Selenium2Library">
<doc>Click element identified by ``locator``.</doc>
<arguments>
<arg>${extensions_page}</arg>
</arguments>
<msg timestamp="20190523 10:03:18.907" level="INFO">Clicking element 'xpath=//ul[@id="submenu"]/li/a[contains(text(),"Install Languages")]'.</msg>
<status status="PASS" starttime="20190523 10:03:18.907" endtime="20190523 10:03:20.428"></status>
</kw>
<status status="PASS" starttime="20190523 10:03:18.906" endtime="20190523 10:03:20.428"></status>
</kw>
<kw name="Percy Snapshot" library="PercySetupBuild2">
<arguments>
<arg>Manage Extensions Language Page</arg>
</arguments>
<status status="PASS" starttime="20190523 10:03:20.429" endtime="20190523 10:03:22.712"></status>
</kw>
<kw name="Go to Manage Etensions" library="AdminManageExtensionsPage">
<arguments>
<arg>${MANAGE_EXTENSION_UPDATESITE_PAGE}</arg>
</arguments>
<kw name="Format String" library="String">
<doc>Formats a ``template`` using the given ``positional`` and ``named`` arguments.</doc>
<arguments>
<arg>${xph_extensions_page}</arg>
<arg>${arg_extension_page}</arg>
</arguments>
<assign>
<var>${extensions_page}</var>
</assign>
<msg timestamp="20190523 10:03:22.712" level="INFO">${extensions_page} = xpath=//ul[@id="submenu"]/li/a[contains(text(),"Update Sites")]</msg>
<status status="PASS" starttime="20190523 10:03:22.712" endtime="20190523 10:03:22.712"></status>
</kw>
<kw name="Click Element" library="Selenium2Library">
<doc>Click element identified by ``locator``.</doc>
<arguments>
<arg>${extensions_page}</arg>
</arguments>
<msg timestamp="20190523 10:03:22.713" level="INFO">Clicking element 'xpath=//ul[@id="submenu"]/li/a[contains(text(),"Update Sites")]'.</msg>
<status status="PASS" starttime="20190523 10:03:22.712" endtime="20190523 10:03:24.697"></status>
</kw>
<status status="PASS" starttime="20190523 10:03:22.712" endtime="20190523 10:03:24.697"></status>
</kw>
<kw name="Percy Snapshot" library="PercySetupBuild2">
<arguments>
<arg>Manage Extensions Update Site Page</arg>
</arguments>
<status status="PASS" starttime="20190523 10:03:24.697" endtime="20190523 10:03:27.726"></status>
</kw>
<status status="PASS" starttime="20190523 10:02:57.817" endtime="20190523 10:03:27.726" critical="yes"></status>
</test>
<kw name="Teardown" library="SetupBuild2" type="teardown">
<kw name="Close All Browsers" library="Selenium2Library">
<doc>Closes all open browsers and resets the browser cache.</doc>
<status status="PASS" starttime="20190523 10:03:27.727" endtime="20190523 10:03:30.993"></status>
</kw>
<kw name="Percy Finalize Build" library="PercySetupBuild2">
<status status="PASS" starttime="20190523 10:03:30.994" endtime="20190523 10:03:31.476"></status>
</kw>
<status status="PASS" starttime="20190523 10:03:27.726" endtime="20190523 10:03:31.477"></status>
</kw>
<status status="PASS" starttime="20190523 10:02:48.389" endtime="20190523 10:03:31.477"></status>
</suite>
<status status="PASS" starttime="20190523 10:02:48.388" endtime="20190523 10:03:31.478"></status>
</suite>
<status status="PASS" starttime="20190523 10:02:48.352" endtime="20190523 10:03:31.479"></status>
</suite>
<statistics>
<total>
<stat pass="1" fail="0">Critical Tests</stat>
<stat pass="1" fail="0">All Tests</stat>
</total>
<tag>
</tag>
<suite>
<stat pass="1" fail="0" id="s1" name="Tests">Tests</stat>
<stat pass="1" fail="0" id="s1-s1" name="VisualTests">Tests.VisualTests</stat>
<stat pass="1" fail="0" id="s1-s1-s1" name="AdminManageExtensionsVisualTest">Tests.VisualTests.AdminManageExtensionsVisualTest</stat>
</suite>
</statistics>
<errors>
<msg timestamp="20190523 10:02:48.351" level="ERROR">Taking listener 'allure-robotframework' into use failed: Importing listener 'allure-robotframework' failed: ModuleNotFoundError: No module named 'allure-robotframework'
Traceback (most recent call last):
  None
PYTHONPATH:
  C:\Users\InternDN19.01.07\AppData\Local\Programs\Python\Python37\Scripts\robot.exe
  c:\users\interndn19.01.07\appdata\local\programs\python\python37\python37.zip
  c:\users\interndn19.01.07\appdata\local\programs\python\python37\DLLs
  c:\users\interndn19.01.07\appdata\local\programs\python\python37\lib
  c:\users\interndn19.01.07\appdata\local\programs\python\python37
  c:\users\interndn19.01.07\appdata\local\programs\python\python37\lib\site-packages
  c:\users\interndn19.01.07\appdata\local\programs\python\python37\lib\site-packages\win32
  c:\users\interndn19.01.07\appdata\local\programs\python\python37\lib\site-packages\win32\lib
  c:\users\interndn19.01.07\appdata\local\programs\python\python37\lib\site-packages\Pythonwin</msg>
</errors>
</robot>
