<?xml version="1.0" encoding="UTF-8"?>
<robot generator="Robot 3.1.1 (Python 3.7.3 on win32)" generated="20190514 10:33:03.982" rpa="false">
<suite id="s1" name="AdminArticleTest" source="C:\Users\InternDN19.01.02\eclipse-workspace\RobotTeam2\RobotFrameworkProject\Tests\AdminArticleTest.robot">
<kw name="Setup" library="Setup" type="setup">
<kw name="Normalize Path" library="OperatingSystem">
<doc>Normalizes the given path.</doc>
<arguments>
<arg>path</arg>
<arg>/RobotTeam2/RobotFrameworkProject/Resources/chromedriver.exe</arg>
</arguments>
<assign>
<var>${PATH}</var>
</assign>
<msg timestamp="20190514 10:33:04.375" level="INFO">${PATH} = path</msg>
<status status="PASS" starttime="20190514 10:33:04.375" endtime="20190514 10:33:04.375"></status>
</kw>
<kw name="Log To Console" library="BuiltIn">
<doc>Logs the given message to the console.</doc>
<arguments>
<arg>${PATH}</arg>
</arguments>
<status status="PASS" starttime="20190514 10:33:04.375" endtime="20190514 10:33:04.375"></status>
</kw>
<kw name="Append To Environment Variable" library="OperatingSystem">
<doc>Appends given ``values`` to environment variable ``name``.</doc>
<arguments>
<arg>${PATH}</arg>
<arg>${PATH}</arg>
</arguments>
<msg timestamp="20190514 10:33:04.375" level="INFO">Environment variable 'path' set to value 'C:\Users\InternDN19.01.02\bin;C:\Program Files\Git\mingw64\bin;C:\Program Files\Git\usr\local\bin;C:\Program Files\Git\usr\bin;C:\Program Files\Git\usr\bin;C:\Program Files\Git\mingw64\bin;C:\Program Files\Git\usr\bin;C:\Users\InternDN19.01.02\bin;C:\Program Files (x86)\Common Files\Oracle\Java\javapath;C:\Program Files (x86)\Intel\iCLS Client;C:\Program Files\Intel\iCLS Client;C:\Windows\System32\cmd.exe;C:\Windows;C:\Windows\System32\Wbem;C:\Windows\System32\WindowsPowerShell\v1.0;C:\Windows\System32\OpenSSH;C:\Program Files\Intel\Intel(R) Management Engine Components\DAL;C:\Program Files\Intel\Intel(R) Management Engine Components\IPT;C:\Program Files (x86)\Intel\Intel(R) Management Engine Components\DAL;C:\Program Files (x86)\Intel\Intel(R) Management Engine Components\IPT;C:\Program Files (x86)\Intel\OpenCL SDK\2.0\bin\x86;C:\Program Files (x86)\Intel\OpenCL SDK\2.0\bin\x64;C:\Program Files\Git\cmd;C:\Program Files\webdrivers;C:\xampp\php;C:\ProgramData\ComposerSetup\bin;C:\Program Files\nodejs;C:\Program Files\Java\jdk-12\bin;C:\apache-maven-3.6.1\bin;%PYTHONPATH%\python-3.7.3.exe;C:\Windows\system32;%M2_HOME%\bin;C:\Users\InternDN19.01.02\AppData\Local\Programs\Python\Python37\Scripts;C:\Users\InternDN19.01.02\AppData\Local\Programs\Python\Python37;C:\Users\InternDN19.01.02\AppData\Local\Microsoft\WindowsApps;C:\Users\InternDN19.01.02\AppData\Local\Programs\Microsoft VS Code\bin;C:\Users\InternDN19.01.02\AppData\Roaming\Composer\vendor\bin;C:\Users\InternDN19.01.02\AppData\Roaming\npm;C:\Program Files\Maven;C:\Program Files\nodejs;C:\Program Files\Git\usr\bin\vendor_perl;C:\Program Files\Git\usr\bin\core_perl;C:\users\interndn19.01.02\appdata\local\programs\python\python37\lib\site-packages\pywin32_system32;c:\users\interndn19.01.02\appdata\local\programs\python\python37\lib\site-packages\pywin32_system32;path'.</msg>
<status status="PASS" starttime="20190514 10:33:04.375" endtime="20190514 10:33:04.375"></status>
</kw>
<kw name="Open Browser" library="Selenium2Library">
<doc>Opens a new browser instance to the given ``url``.</doc>
<arguments>
<arg>${ROOT}</arg>
<arg>${BROWSER}</arg>
</arguments>
<msg timestamp="20190514 10:33:04.375" level="INFO">Opening browser 'Chrome' to base url 'http://192.168.189.72/joomla/administrator/'.</msg>
<status status="PASS" starttime="20190514 10:33:04.375" endtime="20190514 10:33:07.532"></status>
</kw>
<kw name="Maximize Browser Window" library="Selenium2Library">
<doc>Maximizes current browser window.</doc>
<status status="PASS" starttime="20190514 10:33:07.532" endtime="20190514 10:33:17.658"></status>
</kw>
<status status="PASS" starttime="20190514 10:33:04.375" endtime="20190514 10:33:17.658"></status>
</kw>
<test id="s1-t1" name="Test1">
<kw name="Generate Random String" library="String">
<doc>Generates a string with a desired ``length`` from the given ``chars``.</doc>
<arguments>
<arg>12</arg>
<arg>[LETTERS]</arg>
</arguments>
<assign>
<var>${ARTICLE_ALIAS}</var>
</assign>
<msg timestamp="20190514 10:33:17.658" level="INFO">${ARTICLE_ALIAS} = OSimzrTtznXc</msg>
<status status="PASS" starttime="20190514 10:33:17.658" endtime="20190514 10:33:17.658"></status>
</kw>
<kw name="Generate Random String" library="String">
<doc>Generates a string with a desired ``length`` from the given ``chars``.</doc>
<arguments>
<arg>30</arg>
<arg>[LETTERS]</arg>
</arguments>
<assign>
<var>${ARTICLE_TITLE}</var>
</assign>
<msg timestamp="20190514 10:33:17.658" level="INFO">${ARTICLE_TITLE} = lawdOZfvRZZoKkpWhMExaqhxiJyRJY</msg>
<status status="PASS" starttime="20190514 10:33:17.658" endtime="20190514 10:33:17.658"></status>
</kw>
<kw name="Login Admin Site" library="AdminLoginPage">
<arguments>
<arg>${USERNAME}</arg>
<arg>${PASSWORD}</arg>
</arguments>
<kw name="Log To Console" library="BuiltIn">
<doc>Logs the given message to the console.</doc>
<arguments>
<arg>Login to Joomla</arg>
</arguments>
<status status="PASS" starttime="20190514 10:33:17.658" endtime="20190514 10:33:17.658"></status>
</kw>
<kw name="Input Text" library="Selenium2Library">
<doc>Types the given ``text`` into text field identified by ``locator``.</doc>
<arguments>
<arg>${txt_username}</arg>
<arg>${arg_username}</arg>
</arguments>
<msg timestamp="20190514 10:33:17.658" level="INFO">Typing text 'admin' into text field 'id=mod-login-username'.</msg>
<kw name="Capture Page Screenshot" library="Selenium2Library">
<doc>Takes screenshot of the current page and embeds it into log file.</doc>
<msg timestamp="20190514 10:33:29.787" level="FAIL">WebDriverException: Message: chrome not reachable
  (Session info: chrome=73.0.3683.103)
  (Driver info: chromedriver=73.0.3683.68 (47787ec04b6e38e22703e856e101e840b65afe72),platform=Windows NT 10.0.17134 x86_64)
</msg>
<status status="FAIL" starttime="20190514 10:33:23.741" endtime="20190514 10:33:29.787"></status>
</kw>
<msg timestamp="20190514 10:33:29.787" level="WARN">Keyword 'Capture Page Screenshot' could not be run on failure: WebDriverException: Message: chrome not reachable
  (Session info: chrome=73.0.3683.103)
  (Driver info: chromedriver=73.0.3683.68 (47787ec04b6e38e22703e856e101e840b65afe72),platform=Windows NT 10.0.17134 x86_64)
</msg>
<msg timestamp="20190514 10:33:29.787" level="FAIL">WebDriverException: Message: chrome not reachable
  (Session info: chrome=73.0.3683.103)
  (Driver info: chromedriver=73.0.3683.68 (47787ec04b6e38e22703e856e101e840b65afe72),platform=Windows NT 10.0.17134 x86_64)
</msg>
<status status="FAIL" starttime="20190514 10:33:17.658" endtime="20190514 10:33:29.787"></status>
</kw>
<status status="FAIL" starttime="20190514 10:33:17.658" endtime="20190514 10:33:29.787"></status>
</kw>
<status status="FAIL" starttime="20190514 10:33:17.658" endtime="20190514 10:33:29.787" critical="yes">WebDriverException: Message: chrome not reachable
  (Session info: chrome=73.0.3683.103)
  (Driver info: chromedriver=73.0.3683.68 (47787ec04b6e38e22703e856e101e840b65afe72),platform=Windows NT 10.0.17134 x86_64)
</status>
</test>
<test id="s1-t2" name="TC02 - Edit Article Information">
<kw name="Generate Random String" library="String">
<doc>Generates a string with a desired ``length`` from the given ``chars``.</doc>
<arguments>
<arg>12</arg>
<arg>[LETTERS]</arg>
</arguments>
<assign>
<var>${ARTICLE_ALIAS}</var>
</assign>
<msg timestamp="20190514 10:33:29.803" level="INFO">${ARTICLE_ALIAS} = QurSZYLMkyju</msg>
<status status="PASS" starttime="20190514 10:33:29.803" endtime="20190514 10:33:29.803"></status>
</kw>
<kw name="Generate Random String" library="String">
<doc>Generates a string with a desired ``length`` from the given ``chars``.</doc>
<arguments>
<arg>30</arg>
<arg>[LETTERS]</arg>
</arguments>
<assign>
<var>${ARTICLE_TITLE}</var>
</assign>
<msg timestamp="20190514 10:33:29.804" level="INFO">${ARTICLE_TITLE} = VTgfyfwfOfXMPDjNQkmqxYpYsLfemp</msg>
<status status="PASS" starttime="20190514 10:33:29.804" endtime="20190514 10:33:29.804"></status>
</kw>
<kw name="Login Admin Site" library="AdminLoginPage">
<arguments>
<arg>${USERNAME}</arg>
<arg>${PASSWORD}</arg>
</arguments>
<kw name="Log To Console" library="BuiltIn">
<doc>Logs the given message to the console.</doc>
<arguments>
<arg>Login to Joomla</arg>
</arguments>
<status status="PASS" starttime="20190514 10:33:29.806" endtime="20190514 10:33:29.806"></status>
</kw>
<kw name="Input Text" library="Selenium2Library">
<doc>Types the given ``text`` into text field identified by ``locator``.</doc>
<arguments>
<arg>${txt_username}</arg>
<arg>${arg_username}</arg>
</arguments>
<msg timestamp="20190514 10:33:29.806" level="INFO">Typing text 'admin' into text field 'id=mod-login-username'.</msg>
<kw name="Capture Page Screenshot" library="Selenium2Library">
<doc>Takes screenshot of the current page and embeds it into log file.</doc>
<msg timestamp="20190514 10:33:39.915" level="FAIL">WebDriverException: Message: chrome not reachable
  (Session info: chrome=73.0.3683.103)
  (Driver info: chromedriver=73.0.3683.68 (47787ec04b6e38e22703e856e101e840b65afe72),platform=Windows NT 10.0.17134 x86_64)
</msg>
<status status="FAIL" starttime="20190514 10:33:35.870" endtime="20190514 10:33:39.915"></status>
</kw>
<msg timestamp="20190514 10:33:39.915" level="WARN">Keyword 'Capture Page Screenshot' could not be run on failure: WebDriverException: Message: chrome not reachable
  (Session info: chrome=73.0.3683.103)
  (Driver info: chromedriver=73.0.3683.68 (47787ec04b6e38e22703e856e101e840b65afe72),platform=Windows NT 10.0.17134 x86_64)
</msg>
<msg timestamp="20190514 10:33:39.919" level="FAIL">WebDriverException: Message: chrome not reachable
  (Session info: chrome=73.0.3683.103)
  (Driver info: chromedriver=73.0.3683.68 (47787ec04b6e38e22703e856e101e840b65afe72),platform=Windows NT 10.0.17134 x86_64)
</msg>
<status status="FAIL" starttime="20190514 10:33:29.806" endtime="20190514 10:33:39.919"></status>
</kw>
<status status="FAIL" starttime="20190514 10:33:29.805" endtime="20190514 10:33:39.920"></status>
</kw>
<status status="FAIL" starttime="20190514 10:33:29.787" endtime="20190514 10:33:39.920" critical="yes">WebDriverException: Message: chrome not reachable
  (Session info: chrome=73.0.3683.103)
  (Driver info: chromedriver=73.0.3683.68 (47787ec04b6e38e22703e856e101e840b65afe72),platform=Windows NT 10.0.17134 x86_64)
</status>
</test>
<test id="s1-t3" name="TC03 - Unpublish An Article">
<kw name="Generate Random String" library="String">
<doc>Generates a string with a desired ``length`` from the given ``chars``.</doc>
<arguments>
<arg>12</arg>
<arg>[LETTERS]</arg>
</arguments>
<assign>
<var>${ARTICLE_ALIAS}</var>
</assign>
<msg timestamp="20190514 10:33:39.923" level="INFO">${ARTICLE_ALIAS} = utWmmrpAMVYs</msg>
<status status="PASS" starttime="20190514 10:33:39.922" endtime="20190514 10:33:39.923"></status>
</kw>
<kw name="Generate Random String" library="String">
<doc>Generates a string with a desired ``length`` from the given ``chars``.</doc>
<arguments>
<arg>30</arg>
<arg>[LETTERS]</arg>
</arguments>
<assign>
<var>${ARTICLE_TITLE}</var>
</assign>
<msg timestamp="20190514 10:33:39.925" level="INFO">${ARTICLE_TITLE} = DVKCZPrNgrwpzESjxSfeMbiMMTDAlr</msg>
<status status="PASS" starttime="20190514 10:33:39.924" endtime="20190514 10:33:39.925"></status>
</kw>
<kw name="Login Admin Site" library="AdminLoginPage">
<arguments>
<arg>${USERNAME}</arg>
<arg>${PASSWORD}</arg>
</arguments>
<kw name="Log To Console" library="BuiltIn">
<doc>Logs the given message to the console.</doc>
<arguments>
<arg>Login to Joomla</arg>
</arguments>
<status status="PASS" starttime="20190514 10:33:39.926" endtime="20190514 10:33:39.926"></status>
</kw>
<kw name="Input Text" library="Selenium2Library">
<doc>Types the given ``text`` into text field identified by ``locator``.</doc>
<arguments>
<arg>${txt_username}</arg>
<arg>${arg_username}</arg>
</arguments>
<msg timestamp="20190514 10:33:39.927" level="INFO">Typing text 'admin' into text field 'id=mod-login-username'.</msg>
<kw name="Capture Page Screenshot" library="Selenium2Library">
<doc>Takes screenshot of the current page and embeds it into log file.</doc>
<msg timestamp="20190514 10:33:51.966" level="FAIL">WebDriverException: Message: chrome not reachable
  (Session info: chrome=73.0.3683.103)
  (Driver info: chromedriver=73.0.3683.68 (47787ec04b6e38e22703e856e101e840b65afe72),platform=Windows NT 10.0.17134 x86_64)
</msg>
<status status="FAIL" starttime="20190514 10:33:45.956" endtime="20190514 10:33:51.966"></status>
</kw>
<msg timestamp="20190514 10:33:51.966" level="WARN">Keyword 'Capture Page Screenshot' could not be run on failure: WebDriverException: Message: chrome not reachable
  (Session info: chrome=73.0.3683.103)
  (Driver info: chromedriver=73.0.3683.68 (47787ec04b6e38e22703e856e101e840b65afe72),platform=Windows NT 10.0.17134 x86_64)
</msg>
<msg timestamp="20190514 10:33:51.968" level="FAIL">WebDriverException: Message: chrome not reachable
  (Session info: chrome=73.0.3683.103)
  (Driver info: chromedriver=73.0.3683.68 (47787ec04b6e38e22703e856e101e840b65afe72),platform=Windows NT 10.0.17134 x86_64)
</msg>
<status status="FAIL" starttime="20190514 10:33:39.927" endtime="20190514 10:33:51.968"></status>
</kw>
<status status="FAIL" starttime="20190514 10:33:39.925" endtime="20190514 10:33:51.968"></status>
</kw>
<status status="FAIL" starttime="20190514 10:33:39.921" endtime="20190514 10:33:51.969" critical="yes">WebDriverException: Message: chrome not reachable
  (Session info: chrome=73.0.3683.103)
  (Driver info: chromedriver=73.0.3683.68 (47787ec04b6e38e22703e856e101e840b65afe72),platform=Windows NT 10.0.17134 x86_64)
</status>
</test>
<test id="s1-t4" name="TC04 - Delete An Article">
<kw name="Generate Random String" library="String">
<doc>Generates a string with a desired ``length`` from the given ``chars``.</doc>
<arguments>
<arg>12</arg>
<arg>[LETTERS]</arg>
</arguments>
<assign>
<var>${ARTICLE_ALIAS}</var>
</assign>
<msg timestamp="20190514 10:33:51.970" level="INFO">${ARTICLE_ALIAS} = dMfqEATEqqlN</msg>
<status status="PASS" starttime="20190514 10:33:51.970" endtime="20190514 10:33:51.970"></status>
</kw>
<kw name="Generate Random String" library="String">
<doc>Generates a string with a desired ``length`` from the given ``chars``.</doc>
<arguments>
<arg>30</arg>
<arg>[LETTERS]</arg>
</arguments>
<assign>
<var>${ARTICLE_TITLE}</var>
</assign>
<msg timestamp="20190514 10:33:51.971" level="INFO">${ARTICLE_TITLE} = BHwRKeloAiCJworOHdwWxFIXZyNqdj</msg>
<status status="PASS" starttime="20190514 10:33:51.970" endtime="20190514 10:33:51.971"></status>
</kw>
<kw name="Login Admin Site" library="AdminLoginPage">
<arguments>
<arg>${USERNAME}</arg>
<arg>${PASSWORD}</arg>
</arguments>
<kw name="Log To Console" library="BuiltIn">
<doc>Logs the given message to the console.</doc>
<arguments>
<arg>Login to Joomla</arg>
</arguments>
<status status="PASS" starttime="20190514 10:33:51.971" endtime="20190514 10:33:51.972"></status>
</kw>
<kw name="Input Text" library="Selenium2Library">
<doc>Types the given ``text`` into text field identified by ``locator``.</doc>
<arguments>
<arg>${txt_username}</arg>
<arg>${arg_username}</arg>
</arguments>
<msg timestamp="20190514 10:33:51.972" level="INFO">Typing text 'admin' into text field 'id=mod-login-username'.</msg>
<kw name="Capture Page Screenshot" library="Selenium2Library">
<doc>Takes screenshot of the current page and embeds it into log file.</doc>
<msg timestamp="20190514 10:34:03.996" level="FAIL">WebDriverException: Message: chrome not reachable
  (Session info: chrome=73.0.3683.103)
  (Driver info: chromedriver=73.0.3683.68 (47787ec04b6e38e22703e856e101e840b65afe72),platform=Windows NT 10.0.17134 x86_64)
</msg>
<status status="FAIL" starttime="20190514 10:33:57.984" endtime="20190514 10:34:03.997"></status>
</kw>
<msg timestamp="20190514 10:34:03.997" level="WARN">Keyword 'Capture Page Screenshot' could not be run on failure: WebDriverException: Message: chrome not reachable
  (Session info: chrome=73.0.3683.103)
  (Driver info: chromedriver=73.0.3683.68 (47787ec04b6e38e22703e856e101e840b65afe72),platform=Windows NT 10.0.17134 x86_64)
</msg>
<msg timestamp="20190514 10:34:03.999" level="FAIL">WebDriverException: Message: chrome not reachable
  (Session info: chrome=73.0.3683.103)
  (Driver info: chromedriver=73.0.3683.68 (47787ec04b6e38e22703e856e101e840b65afe72),platform=Windows NT 10.0.17134 x86_64)
</msg>
<status status="FAIL" starttime="20190514 10:33:51.972" endtime="20190514 10:34:03.999"></status>
</kw>
<status status="FAIL" starttime="20190514 10:33:51.971" endtime="20190514 10:34:03.999"></status>
</kw>
<status status="FAIL" starttime="20190514 10:33:51.969" endtime="20190514 10:34:04.000" critical="yes">WebDriverException: Message: chrome not reachable
  (Session info: chrome=73.0.3683.103)
  (Driver info: chromedriver=73.0.3683.68 (47787ec04b6e38e22703e856e101e840b65afe72),platform=Windows NT 10.0.17134 x86_64)
</status>
</test>
<kw name="Teardown" library="Setup" type="teardown">
<kw name="Close All Browsers" library="Selenium2Library">
<doc>Closes all open browsers and resets the browser cache.</doc>
<status status="PASS" starttime="20190514 10:34:04.001" endtime="20190514 10:34:06.051"></status>
</kw>
<status status="PASS" starttime="20190514 10:34:04.001" endtime="20190514 10:34:06.051"></status>
</kw>
<status status="FAIL" starttime="20190514 10:33:03.998" endtime="20190514 10:34:06.052"></status>
</suite>
<statistics>
<total>
<stat pass="0" fail="4">Critical Tests</stat>
<stat pass="0" fail="4">All Tests</stat>
</total>
<tag>
</tag>
<suite>
<stat pass="0" fail="4" id="s1" name="AdminArticleTest">AdminArticleTest</stat>
</suite>
</statistics>
<errors>
<msg timestamp="20190514 10:33:29.787" level="WARN">Keyword 'Capture Page Screenshot' could not be run on failure: WebDriverException: Message: chrome not reachable
  (Session info: chrome=73.0.3683.103)
  (Driver info: chromedriver=73.0.3683.68 (47787ec04b6e38e22703e856e101e840b65afe72),platform=Windows NT 10.0.17134 x86_64)
</msg>
<msg timestamp="20190514 10:33:39.915" level="WARN">Keyword 'Capture Page Screenshot' could not be run on failure: WebDriverException: Message: chrome not reachable
  (Session info: chrome=73.0.3683.103)
  (Driver info: chromedriver=73.0.3683.68 (47787ec04b6e38e22703e856e101e840b65afe72),platform=Windows NT 10.0.17134 x86_64)
</msg>
<msg timestamp="20190514 10:33:51.966" level="WARN">Keyword 'Capture Page Screenshot' could not be run on failure: WebDriverException: Message: chrome not reachable
  (Session info: chrome=73.0.3683.103)
  (Driver info: chromedriver=73.0.3683.68 (47787ec04b6e38e22703e856e101e840b65afe72),platform=Windows NT 10.0.17134 x86_64)
</msg>
<msg timestamp="20190514 10:34:03.997" level="WARN">Keyword 'Capture Page Screenshot' could not be run on failure: WebDriverException: Message: chrome not reachable
  (Session info: chrome=73.0.3683.103)
  (Driver info: chromedriver=73.0.3683.68 (47787ec04b6e38e22703e856e101e840b65afe72),platform=Windows NT 10.0.17134 x86_64)
</msg>
</errors>
</robot>
