<?xml version="1.0" encoding="UTF-8"?>
<robot generator="Robot 3.1.1 (Python 3.7.3 on win32)" generated="20190517 11:49:11.157" rpa="false">
<suite id="s1" name="FunctionalTests" source="C:\Users\InternDN19.01.02\eclipse-workspace\RobotTeam2\RobotFrameworkProject\Tests\FunctionalTests">
<suite id="s1-s1" name="AdminCategoryTest" source="C:\Users\InternDN19.01.02\eclipse-workspace\RobotTeam2\RobotFrameworkProject\Tests\FunctionalTests\AdminCategoryTest.robot">
<kw name="Setup" library="Setup" type="setup">
<kw name="Normalize Path" library="OperatingSystem">
<doc>Normalizes the given path.</doc>
<arguments>
<arg>path</arg>
<arg>/RobotTeam2/RobotFrameworkProject/Resources/chromedriver.exe</arg>
</arguments>
<assign>
<var>${PATH}</var>
</assign>
<msg timestamp="20190517 11:49:12.325" level="INFO">${PATH} = path</msg>
<status status="PASS" starttime="20190517 11:49:12.325" endtime="20190517 11:49:12.325"></status>
</kw>
<kw name="Log To Console" library="BuiltIn">
<doc>Logs the given message to the console.</doc>
<arguments>
<arg>${PATH}</arg>
</arguments>
<status status="PASS" starttime="20190517 11:49:12.333" endtime="20190517 11:49:12.333"></status>
</kw>
<kw name="Append To Environment Variable" library="OperatingSystem">
<doc>Appends given ``values`` to environment variable ``name``.</doc>
<arguments>
<arg>${PATH}</arg>
<arg>${PATH}</arg>
</arguments>
<msg timestamp="20190517 11:49:12.335" level="INFO">Environment variable 'path' set to value 'C:\Users\InternDN19.01.02\bin;C:\Program Files\Git\mingw64\bin;C:\Program Files\Git\usr\local\bin;C:\Program Files\Git\usr\bin;C:\Program Files\Git\usr\bin;C:\Program Files\Git\mingw64\bin;C:\Program Files\Git\usr\bin;C:\Users\InternDN19.01.02\bin;C:\Program Files (x86)\Common Files\Oracle\Java\javapath;C:\Program Files (x86)\Intel\iCLS Client;C:\Program Files\Intel\iCLS Client;C:\Windows\System32\cmd.exe;C:\Windows;C:\Windows\System32\Wbem;C:\Windows\System32\WindowsPowerShell\v1.0;C:\Windows\System32\OpenSSH;C:\Program Files\Intel\Intel(R) Management Engine Components\DAL;C:\Program Files\Intel\Intel(R) Management Engine Components\IPT;C:\Program Files (x86)\Intel\Intel(R) Management Engine Components\DAL;C:\Program Files (x86)\Intel\Intel(R) Management Engine Components\IPT;C:\Program Files (x86)\Intel\OpenCL SDK\2.0\bin\x86;C:\Program Files (x86)\Intel\OpenCL SDK\2.0\bin\x64;C:\Program Files\Git\cmd;C:\Program Files\webdrivers;C:\xampp\php;C:\ProgramData\ComposerSetup\bin;C:\Program Files\nodejs;C:\Program Files\Java\jdk-12\bin;C:\apache-maven-3.6.1\bin;%PYTHONPATH%\python-3.7.3.exe;C:\Windows\system32;%M2_HOME%\bin;C:\Users\InternDN19.01.02\Documents\allure-2.10.0\bin;C:\Users\InternDN19.01.02\AppData\Local\Programs\Python\Python37\Scripts;C:\Users\InternDN19.01.02\AppData\Local\Programs\Python\Python37;C:\Users\InternDN19.01.02\AppData\Local\Microsoft\WindowsApps;C:\Users\InternDN19.01.02\AppData\Local\Programs\Microsoft VS Code\bin;C:\Users\InternDN19.01.02\AppData\Roaming\Composer\vendor\bin;C:\Users\InternDN19.01.02\AppData\Roaming\npm;C:\Program Files\Maven;C:\Program Files\nodejs;C:\Program Files\Git\usr\bin\vendor_perl;C:\Program Files\Git\usr\bin\core_perl;C:\users\interndn19.01.02\appdata\local\programs\python\python37\lib\site-packages\pywin32_system32;c:\users\interndn19.01.02\appdata\local\programs\python\python37\lib\site-packages\pywin32_system32;path'.</msg>
<status status="PASS" starttime="20190517 11:49:12.335" endtime="20190517 11:49:12.335"></status>
</kw>
<kw name="Open Browser" library="Selenium2Library">
<doc>Opens a new browser instance to the given ``url``.</doc>
<arguments>
<arg>${ROOT}</arg>
<arg>${BROWSER}</arg>
</arguments>
<msg timestamp="20190517 11:49:12.335" level="INFO">Opening browser 'Chrome' to base url 'http://192.168.189.72/joomla/administrator/'.</msg>
<status status="PASS" starttime="20190517 11:49:12.335" endtime="20190517 11:49:19.010"></status>
</kw>
<kw name="Maximize Browser Window" library="Selenium2Library">
<doc>Maximizes current browser window.</doc>
<status status="PASS" starttime="20190517 11:49:19.192" endtime="20190517 11:49:20.331"></status>
</kw>
<kw name="Percy Initialize Build" library="PercySetup">
<arguments>
<arg>${PERCY_TOKEN}</arg>
</arguments>
<status status="PASS" starttime="20190517 11:49:20.331" endtime="20190517 11:49:21.693"></status>
</kw>
<status status="PASS" starttime="20190517 11:49:12.325" endtime="20190517 11:49:21.693"></status>
</kw>
<test id="s1-s1-t1" name="TC05 - Verify That Admin Can Add A New Category">
<kw name="Generate Random String" library="String">
<doc>Generates a string with a desired ``length`` from the given ``chars``.</doc>
<arguments>
<arg>12</arg>
<arg>[LETTERS]</arg>
</arguments>
<assign>
<var>${CATEGORY_ALIAS}</var>
</assign>
<msg timestamp="20190517 11:49:21.696" level="INFO">${CATEGORY_ALIAS} = ZDvnlLXYMVjD</msg>
<status status="PASS" starttime="20190517 11:49:21.695" endtime="20190517 11:49:21.696"></status>
</kw>
<kw name="Generate Random String" library="String">
<doc>Generates a string with a desired ``length`` from the given ``chars``.</doc>
<arguments>
<arg>12</arg>
<arg>[LETTERS]</arg>
</arguments>
<assign>
<var>${CATEGORY_TITLE}</var>
</assign>
<msg timestamp="20190517 11:49:21.701" level="INFO">${CATEGORY_TITLE} = mbfYUoRyIxKn</msg>
<status status="PASS" starttime="20190517 11:49:21.700" endtime="20190517 11:49:21.701"></status>
</kw>
<kw name="Login Admin Site" library="AdminLoginPage">
<arguments>
<arg>${USERNAME}</arg>
<arg>${PASSWORD}</arg>
</arguments>
<kw name="Log To Console" library="BuiltIn">
<doc>Logs the given message to the console.</doc>
<arguments>
<arg>Login to Joomla</arg>
</arguments>
<status status="PASS" starttime="20190517 11:49:21.704" endtime="20190517 11:49:21.705"></status>
</kw>
<kw name="Input Text" library="Selenium2Library">
<doc>Types the given ``text`` into text field identified by ``locator``.</doc>
<arguments>
<arg>${txt_username}</arg>
<arg>${arg_username}</arg>
</arguments>
<msg timestamp="20190517 11:49:21.707" level="INFO">Typing text 'admin' into text field 'id=mod-login-username'.</msg>
<status status="PASS" starttime="20190517 11:49:21.706" endtime="20190517 11:49:23.029"></status>
</kw>
<kw name="Input Text" library="Selenium2Library">
<doc>Types the given ``text`` into text field identified by ``locator``.</doc>
<arguments>
<arg>${txt_password}</arg>
<arg>${arg_password}</arg>
</arguments>
<msg timestamp="20190517 11:49:23.035" level="INFO">Typing text '123456789' into text field 'id=mod-login-password'.</msg>
<status status="PASS" starttime="20190517 11:49:23.034" endtime="20190517 11:49:24.255"></status>
</kw>
<kw name="Click Button" library="Selenium2Library">
<doc>Clicks button identified by ``locator``.</doc>
<arguments>
<arg>${btn_login}</arg>
</arguments>
<msg timestamp="20190517 11:49:24.259" level="INFO">Clicking button 'xpath=//div[@class="btn-group"]/button[@class="btn btn-primary btn-block btn-large login-button"]'.</msg>
<status status="PASS" starttime="20190517 11:49:24.258" endtime="20190517 11:49:26.285"></status>
</kw>
<status status="PASS" starttime="20190517 11:49:21.703" endtime="20190517 11:49:26.289"></status>
</kw>
<kw name="Go To Add New Category Page" library="AdminCategoryPage">
<kw name="Select Sidebar Menu" library="AdminHomePage">
<arguments>
<arg>${lbl_categories}</arg>
</arguments>
<kw name="Click Element" library="Selenium2Library">
<doc>Click element identified by ``locator``.</doc>
<arguments>
<arg>${arg_page}</arg>
</arguments>
<msg timestamp="20190517 11:49:26.292" level="INFO">Clicking element 'xpath=//div[@class="span3"]//a[span[contains(text(), "Categories")]]'.</msg>
<status status="PASS" starttime="20190517 11:49:26.291" endtime="20190517 11:49:28.339"></status>
</kw>
<status status="PASS" starttime="20190517 11:49:26.290" endtime="20190517 11:49:29.298"></status>
</kw>
<status status="PASS" starttime="20190517 11:49:26.290" endtime="20190517 11:49:29.299"></status>
</kw>
<kw name="Add New Category" library="AdminCategoryPage">
<arguments>
<arg>${CATEGORY_TITLE}</arg>
<arg>${CATEGORY_CONTENT}</arg>
<arg>${CATEGORY_ALIAS}</arg>
</arguments>
<kw name="Click Element" library="Selenium2Library">
<doc>Click element identified by ``locator``.</doc>
<arguments>
<arg>${lbl_categories_new}</arg>
</arguments>
<msg timestamp="20190517 11:49:29.302" level="INFO">Clicking element 'xpath=//div[@class="btn-wrapper"]//button//span[@class="icon-new icon-white"]'.</msg>
<status status="PASS" starttime="20190517 11:49:29.301" endtime="20190517 11:49:30.026"></status>
</kw>
<kw name="Input Text" library="Selenium2Library">
<doc>Types the given ``text`` into text field identified by ``locator``.</doc>
<arguments>
<arg>${txt_categories_title}</arg>
<arg>${arg_categories_title}</arg>
</arguments>
<msg timestamp="20190517 11:49:30.031" level="INFO">Typing text 'mbfYUoRyIxKn' into text field 'id=jform_title'.</msg>
<kw name="Capture Page Screenshot" library="Selenium2Library">
<doc>Takes screenshot of the current page and embeds it into log file.</doc>
<msg timestamp="20190517 11:49:42.405" level="FAIL">WebDriverException: Message: chrome not reachable
  (Session info: chrome=73.0.3683.103)
  (Driver info: chromedriver=73.0.3683.68 (47787ec04b6e38e22703e856e101e840b65afe72),platform=Windows NT 10.0.17134 x86_64)
</msg>
<status status="FAIL" starttime="20190517 11:49:36.332" endtime="20190517 11:49:42.405"></status>
</kw>
<msg timestamp="20190517 11:49:42.405" level="WARN">Keyword 'Capture Page Screenshot' could not be run on failure: WebDriverException: Message: chrome not reachable
  (Session info: chrome=73.0.3683.103)
  (Driver info: chromedriver=73.0.3683.68 (47787ec04b6e38e22703e856e101e840b65afe72),platform=Windows NT 10.0.17134 x86_64)
</msg>
<msg timestamp="20190517 11:49:42.420" level="FAIL">WebDriverException: Message: chrome not reachable
  (Session info: chrome=73.0.3683.103)
  (Driver info: chromedriver=73.0.3683.68 (47787ec04b6e38e22703e856e101e840b65afe72),platform=Windows NT 10.0.17134 x86_64)
</msg>
<status status="FAIL" starttime="20190517 11:49:30.030" endtime="20190517 11:49:42.420"></status>
</kw>
<status status="FAIL" starttime="20190517 11:49:29.299" endtime="20190517 11:49:42.427"></status>
</kw>
<status status="FAIL" starttime="20190517 11:49:21.693" endtime="20190517 11:49:42.427" critical="yes">WebDriverException: Message: chrome not reachable
  (Session info: chrome=73.0.3683.103)
  (Driver info: chromedriver=73.0.3683.68 (47787ec04b6e38e22703e856e101e840b65afe72),platform=Windows NT 10.0.17134 x86_64)
</status>
</test>
<test id="s1-s1-t2" name="TC06 - Verify That Admin Can Edit Category Information">
<kw name="Generate Random String" library="String">
<doc>Generates a string with a desired ``length`` from the given ``chars``.</doc>
<arguments>
<arg>12</arg>
<arg>[LETTERS]</arg>
</arguments>
<assign>
<var>${CATEGORY_EDIT_CONTENT}</var>
</assign>
<msg timestamp="20190517 11:49:42.427" level="INFO">${CATEGORY_EDIT_CONTENT} = RjtaxTqXFwrq</msg>
<status status="PASS" starttime="20190517 11:49:42.427" endtime="20190517 11:49:42.427"></status>
</kw>
<kw name="Generate Random String" library="String">
<doc>Generates a string with a desired ``length`` from the given ``chars``.</doc>
<arguments>
<arg>12</arg>
<arg>[LETTERS]</arg>
</arguments>
<assign>
<var>${CATEGORY_EDIT_TITLE}</var>
</assign>
<msg timestamp="20190517 11:49:42.443" level="INFO">${CATEGORY_EDIT_TITLE} = ucXWLzyFoHwW</msg>
<status status="PASS" starttime="20190517 11:49:42.443" endtime="20190517 11:49:42.443"></status>
</kw>
<kw name="Generate Random String" library="String">
<doc>Generates a string with a desired ``length`` from the given ``chars``.</doc>
<arguments>
<arg>12</arg>
<arg>[LETTERS]</arg>
</arguments>
<assign>
<var>${CATEGORY_ALIAS}</var>
</assign>
<msg timestamp="20190517 11:49:42.443" level="INFO">${CATEGORY_ALIAS} = UDlpdHNgiOKk</msg>
<status status="PASS" starttime="20190517 11:49:42.443" endtime="20190517 11:49:42.443"></status>
</kw>
<kw name="Generate Random String" library="String">
<doc>Generates a string with a desired ``length`` from the given ``chars``.</doc>
<arguments>
<arg>12</arg>
<arg>[LETTERS]</arg>
</arguments>
<assign>
<var>${CATEGORY_TITLE}</var>
</assign>
<msg timestamp="20190517 11:49:42.443" level="INFO">${CATEGORY_TITLE} = xlfafuwQwegr</msg>
<status status="PASS" starttime="20190517 11:49:42.443" endtime="20190517 11:49:42.443"></status>
</kw>
<kw name="Login Admin Site" library="AdminLoginPage">
<arguments>
<arg>${USERNAME}</arg>
<arg>${PASSWORD}</arg>
</arguments>
<kw name="Log To Console" library="BuiltIn">
<doc>Logs the given message to the console.</doc>
<arguments>
<arg>Login to Joomla</arg>
</arguments>
<status status="PASS" starttime="20190517 11:49:42.443" endtime="20190517 11:49:42.443"></status>
</kw>
<kw name="Input Text" library="Selenium2Library">
<doc>Types the given ``text`` into text field identified by ``locator``.</doc>
<arguments>
<arg>${txt_username}</arg>
<arg>${arg_username}</arg>
</arguments>
<msg timestamp="20190517 11:49:42.443" level="INFO">Typing text 'admin' into text field 'id=mod-login-username'.</msg>
<kw name="Capture Page Screenshot" library="Selenium2Library">
<doc>Takes screenshot of the current page and embeds it into log file.</doc>
<msg timestamp="20190517 11:49:54.569" level="FAIL">WebDriverException: Message: chrome not reachable
  (Session info: chrome=73.0.3683.103)
  (Driver info: chromedriver=73.0.3683.68 (47787ec04b6e38e22703e856e101e840b65afe72),platform=Windows NT 10.0.17134 x86_64)
</msg>
<status status="FAIL" starttime="20190517 11:49:48.514" endtime="20190517 11:49:54.569"></status>
</kw>
<msg timestamp="20190517 11:49:54.575" level="WARN">Keyword 'Capture Page Screenshot' could not be run on failure: WebDriverException: Message: chrome not reachable
  (Session info: chrome=73.0.3683.103)
  (Driver info: chromedriver=73.0.3683.68 (47787ec04b6e38e22703e856e101e840b65afe72),platform=Windows NT 10.0.17134 x86_64)
</msg>
<msg timestamp="20190517 11:49:54.580" level="FAIL">WebDriverException: Message: chrome not reachable
  (Session info: chrome=73.0.3683.103)
  (Driver info: chromedriver=73.0.3683.68 (47787ec04b6e38e22703e856e101e840b65afe72),platform=Windows NT 10.0.17134 x86_64)
</msg>
<status status="FAIL" starttime="20190517 11:49:42.443" endtime="20190517 11:49:54.580"></status>
</kw>
<status status="FAIL" starttime="20190517 11:49:42.443" endtime="20190517 11:49:54.588"></status>
</kw>
<status status="FAIL" starttime="20190517 11:49:42.427" endtime="20190517 11:49:54.589" critical="yes">WebDriverException: Message: chrome not reachable
  (Session info: chrome=73.0.3683.103)
  (Driver info: chromedriver=73.0.3683.68 (47787ec04b6e38e22703e856e101e840b65afe72),platform=Windows NT 10.0.17134 x86_64)
</status>
</test>
<test id="s1-s1-t3" name="TC07 - Verify That Admin Can Delete A New Category">
<kw name="Generate Random String" library="String">
<doc>Generates a string with a desired ``length`` from the given ``chars``.</doc>
<arguments>
<arg>12</arg>
<arg>[LETTERS]</arg>
</arguments>
<assign>
<var>${CATEGORY_ALIAS}</var>
</assign>
<msg timestamp="20190517 11:49:54.608" level="INFO">${CATEGORY_ALIAS} = rJJBzKNoqtNl</msg>
<status status="PASS" starttime="20190517 11:49:54.607" endtime="20190517 11:49:54.608"></status>
</kw>
<kw name="Generate Random String" library="String">
<doc>Generates a string with a desired ``length`` from the given ``chars``.</doc>
<arguments>
<arg>12</arg>
<arg>[LETTERS]</arg>
</arguments>
<assign>
<var>${CATEGORY_TITLE}</var>
</assign>
<msg timestamp="20190517 11:49:54.613" level="INFO">${CATEGORY_TITLE} = BBWOCtyoiOTo</msg>
<status status="PASS" starttime="20190517 11:49:54.612" endtime="20190517 11:49:54.613"></status>
</kw>
<kw name="Login Admin Site" library="AdminLoginPage">
<arguments>
<arg>${USERNAME}</arg>
<arg>${PASSWORD}</arg>
</arguments>
<kw name="Log To Console" library="BuiltIn">
<doc>Logs the given message to the console.</doc>
<arguments>
<arg>Login to Joomla</arg>
</arguments>
<status status="PASS" starttime="20190517 11:49:54.620" endtime="20190517 11:49:54.621"></status>
</kw>
<kw name="Input Text" library="Selenium2Library">
<doc>Types the given ``text`` into text field identified by ``locator``.</doc>
<arguments>
<arg>${txt_username}</arg>
<arg>${arg_username}</arg>
</arguments>
<msg timestamp="20190517 11:49:54.622" level="INFO">Typing text 'admin' into text field 'id=mod-login-username'.</msg>
<kw name="Capture Page Screenshot" library="Selenium2Library">
<doc>Takes screenshot of the current page and embeds it into log file.</doc>
<msg timestamp="20190517 11:50:04.695" level="FAIL">WebDriverException: Message: chrome not reachable
  (Session info: chrome=73.0.3683.103)
  (Driver info: chromedriver=73.0.3683.68 (47787ec04b6e38e22703e856e101e840b65afe72),platform=Windows NT 10.0.17134 x86_64)
</msg>
<status status="FAIL" starttime="20190517 11:49:58.657" endtime="20190517 11:50:04.695"></status>
</kw>
<msg timestamp="20190517 11:50:04.695" level="WARN">Keyword 'Capture Page Screenshot' could not be run on failure: WebDriverException: Message: chrome not reachable
  (Session info: chrome=73.0.3683.103)
  (Driver info: chromedriver=73.0.3683.68 (47787ec04b6e38e22703e856e101e840b65afe72),platform=Windows NT 10.0.17134 x86_64)
</msg>
<msg timestamp="20190517 11:50:04.695" level="FAIL">WebDriverException: Message: chrome not reachable
  (Session info: chrome=73.0.3683.103)
  (Driver info: chromedriver=73.0.3683.68 (47787ec04b6e38e22703e856e101e840b65afe72),platform=Windows NT 10.0.17134 x86_64)
</msg>
<status status="FAIL" starttime="20190517 11:49:54.622" endtime="20190517 11:50:04.695"></status>
</kw>
<status status="FAIL" starttime="20190517 11:49:54.619" endtime="20190517 11:50:04.727"></status>
</kw>
<status status="FAIL" starttime="20190517 11:49:54.605" endtime="20190517 11:50:04.727" critical="yes">WebDriverException: Message: chrome not reachable
  (Session info: chrome=73.0.3683.103)
  (Driver info: chromedriver=73.0.3683.68 (47787ec04b6e38e22703e856e101e840b65afe72),platform=Windows NT 10.0.17134 x86_64)
</status>
</test>
<test id="s1-s1-t4" name="TC08 - Verify That Admin Can Unpublish A Category">
<kw name="Generate Random String" library="String">
<doc>Generates a string with a desired ``length`` from the given ``chars``.</doc>
<arguments>
<arg>12</arg>
<arg>[LETTERS]</arg>
</arguments>
<assign>
<var>${CATEGORY_ALIAS}</var>
</assign>
<msg timestamp="20190517 11:50:04.727" level="INFO">${CATEGORY_ALIAS} = GPUFurIDFYbm</msg>
<status status="PASS" starttime="20190517 11:50:04.727" endtime="20190517 11:50:04.727"></status>
</kw>
<kw name="Generate Random String" library="String">
<doc>Generates a string with a desired ``length`` from the given ``chars``.</doc>
<arguments>
<arg>12</arg>
<arg>[LETTERS]</arg>
</arguments>
<assign>
<var>${CATEGORY_TITLE}</var>
</assign>
<msg timestamp="20190517 11:50:04.742" level="INFO">${CATEGORY_TITLE} = QkVnIogSKLmr</msg>
<status status="PASS" starttime="20190517 11:50:04.727" endtime="20190517 11:50:04.742"></status>
</kw>
<kw name="Login Admin Site" library="AdminLoginPage">
<arguments>
<arg>${USERNAME}</arg>
<arg>${PASSWORD}</arg>
</arguments>
<kw name="Log To Console" library="BuiltIn">
<doc>Logs the given message to the console.</doc>
<arguments>
<arg>Login to Joomla</arg>
</arguments>
<status status="PASS" starttime="20190517 11:50:04.742" endtime="20190517 11:50:04.742"></status>
</kw>
<kw name="Input Text" library="Selenium2Library">
<doc>Types the given ``text`` into text field identified by ``locator``.</doc>
<arguments>
<arg>${txt_username}</arg>
<arg>${arg_username}</arg>
</arguments>
<msg timestamp="20190517 11:50:04.742" level="INFO">Typing text 'admin' into text field 'id=mod-login-username'.</msg>
<kw name="Capture Page Screenshot" library="Selenium2Library">
<doc>Takes screenshot of the current page and embeds it into log file.</doc>
<msg timestamp="20190517 11:50:16.809" level="FAIL">WebDriverException: Message: chrome not reachable
  (Session info: chrome=73.0.3683.103)
  (Driver info: chromedriver=73.0.3683.68 (47787ec04b6e38e22703e856e101e840b65afe72),platform=Windows NT 10.0.17134 x86_64)
</msg>
<status status="FAIL" starttime="20190517 11:50:10.772" endtime="20190517 11:50:16.809"></status>
</kw>
<msg timestamp="20190517 11:50:16.813" level="WARN">Keyword 'Capture Page Screenshot' could not be run on failure: WebDriverException: Message: chrome not reachable
  (Session info: chrome=73.0.3683.103)
  (Driver info: chromedriver=73.0.3683.68 (47787ec04b6e38e22703e856e101e840b65afe72),platform=Windows NT 10.0.17134 x86_64)
</msg>
<msg timestamp="20190517 11:50:16.814" level="FAIL">WebDriverException: Message: chrome not reachable
  (Session info: chrome=73.0.3683.103)
  (Driver info: chromedriver=73.0.3683.68 (47787ec04b6e38e22703e856e101e840b65afe72),platform=Windows NT 10.0.17134 x86_64)
</msg>
<status status="FAIL" starttime="20190517 11:50:04.742" endtime="20190517 11:50:16.815"></status>
</kw>
<status status="FAIL" starttime="20190517 11:50:04.742" endtime="20190517 11:50:16.818"></status>
</kw>
<status status="FAIL" starttime="20190517 11:50:04.727" endtime="20190517 11:50:16.819" critical="yes">WebDriverException: Message: chrome not reachable
  (Session info: chrome=73.0.3683.103)
  (Driver info: chromedriver=73.0.3683.68 (47787ec04b6e38e22703e856e101e840b65afe72),platform=Windows NT 10.0.17134 x86_64)
</status>
</test>
<kw name="Teardown" library="Setup" type="teardown">
<kw name="Close All Browsers" library="Selenium2Library">
<doc>Closes all open browsers and resets the browser cache.</doc>
<status status="PASS" starttime="20190517 11:50:16.824" endtime="20190517 11:50:18.867"></status>
</kw>
<kw name="Percy Finalize Build" library="PercySetup">
<status status="PASS" starttime="20190517 11:50:18.868" endtime="20190517 11:50:19.349"></status>
</kw>
<status status="PASS" starttime="20190517 11:50:16.824" endtime="20190517 11:50:19.350"></status>
</kw>
<status status="FAIL" starttime="20190517 11:49:11.561" endtime="20190517 11:50:19.350"></status>
</suite>
<status status="FAIL" starttime="20190517 11:49:11.390" endtime="20190517 11:50:19.362"></status>
</suite>
<statistics>
<total>
<stat pass="0" fail="4">Critical Tests</stat>
<stat pass="0" fail="4">All Tests</stat>
</total>
<tag>
</tag>
<suite>
<stat pass="0" fail="4" id="s1" name="FunctionalTests">FunctionalTests</stat>
<stat pass="0" fail="4" id="s1-s1" name="AdminCategoryTest">FunctionalTests.AdminCategoryTest</stat>
</suite>
</statistics>
<errors>
<msg timestamp="20190517 11:49:42.405" level="WARN">Keyword 'Capture Page Screenshot' could not be run on failure: WebDriverException: Message: chrome not reachable
  (Session info: chrome=73.0.3683.103)
  (Driver info: chromedriver=73.0.3683.68 (47787ec04b6e38e22703e856e101e840b65afe72),platform=Windows NT 10.0.17134 x86_64)
</msg>
<msg timestamp="20190517 11:49:54.575" level="WARN">Keyword 'Capture Page Screenshot' could not be run on failure: WebDriverException: Message: chrome not reachable
  (Session info: chrome=73.0.3683.103)
  (Driver info: chromedriver=73.0.3683.68 (47787ec04b6e38e22703e856e101e840b65afe72),platform=Windows NT 10.0.17134 x86_64)
</msg>
<msg timestamp="20190517 11:50:04.695" level="WARN">Keyword 'Capture Page Screenshot' could not be run on failure: WebDriverException: Message: chrome not reachable
  (Session info: chrome=73.0.3683.103)
  (Driver info: chromedriver=73.0.3683.68 (47787ec04b6e38e22703e856e101e840b65afe72),platform=Windows NT 10.0.17134 x86_64)
</msg>
<msg timestamp="20190517 11:50:16.813" level="WARN">Keyword 'Capture Page Screenshot' could not be run on failure: WebDriverException: Message: chrome not reachable
  (Session info: chrome=73.0.3683.103)
  (Driver info: chromedriver=73.0.3683.68 (47787ec04b6e38e22703e856e101e840b65afe72),platform=Windows NT 10.0.17134 x86_64)
</msg>
</errors>
</robot>
