<?xml version="1.0" encoding="UTF-8"?>
<robot generator="Robot 3.1.1 (Python 3.7.3 on win32)" generated="20190523 10:03:32.028" rpa="false">
<suite id="s1" name="Tests" source="C:\Users\InternDN19.01.07\Desktop\Intern19_DinhThiAnhThao\Project_Phase1_Researching\project\RobotTeam2\RobotFrameworkProject\Tests">
<suite id="s1-s1" name="VisualTests" source="C:\Users\InternDN19.01.07\Desktop\Intern19_DinhThiAnhThao\Project_Phase1_Researching\project\RobotTeam2\RobotFrameworkProject\Tests\VisualTests">
<suite id="s1-s1-s1" name="HelpVisualTest" source="C:\Users\InternDN19.01.07\Desktop\Intern19_DinhThiAnhThao\Project_Phase1_Researching\project\RobotTeam2\RobotFrameworkProject\Tests\VisualTests\HelpVisualTest.robot">
<kw name="Setup" library="SetupBuild2" type="setup">
<kw name="Append To Environment Variable" library="OperatingSystem">
<doc>Appends given ``values`` to environment variable ``name``.</doc>
<arguments>
<arg>PATH</arg>
<arg>C:\\Users\\InternDN19.01.07\\Desktop\\Intern19_DinhThiAnhThao\\Project_Phase1_Researching\\project\\RobotTeam2\\RobotFrameworkProject\\Resources/Drivers</arg>
</arguments>
<msg timestamp="20190523 10:03:32.262" level="INFO">Environment variable 'PATH' set to value 'C:\Users\InternDN19.01.07\bin;C:\Program Files\Git\mingw64\bin;C:\Program Files\Git\usr\local\bin;C:\Program Files\Git\usr\bin;C:\Program Files\Git\usr\bin;C:\Program Files\Git\mingw64\bin;C:\Program Files\Git\usr\bin;C:\Users\InternDN19.01.07\bin;C:\Python37;C:\Python37\Scripts;C:\Program Files (x86)\Common Files\Oracle\Java\javapath;C:\Program Files (x86)\Intel\Intel(R) Management Engine Components\iCLS;C:\Program Files\Intel\Intel(R) Management Engine Components\iCLS;C:\Windows\system32;C:\Windows;C:\Windows\System32\Wbem;C:\Windows\System32\WindowsPowerShell\v1.0;C:\Windows\System32\OpenSSH;C:\Program Files (x86)\Intel\Intel(R) Management Engine Components\DAL;C:\Program Files\Intel\Intel(R) Management Engine Components\DAL;C:\Program Files (x86)\Intel\Intel(R) Management Engine Components\IPT;C:\Program Files\Intel\Intel(R) Management Engine Components\IPT;C:\Program Files\Git\cmd;C:\Python27\Lib\site-packages;C:\Users\InternDN19.01.07\Desktop\Intern19_DinhThiAnhThao\SeleniumWebdriver;C:\xampp\php;C:\composer;C:\Program Files\nodejs;C:\Program Files\maven\apache-maven-3.6.1\bin;C:\Program Files\Java\jdk1.8.0_201\bin;C:\Users\InternDN19.01.07\Downloads\allure-2.10.0\bin;C:\Users\InternDN19.01.07\AppData\Local\Programs\Python\Python37\Scripts;C:\Users\InternDN19.01.07\AppData\Local\Programs\Python\Python37;C:\Users\InternDN19.01.07\AppData\Local\Microsoft\WindowsApps;C:\Users\InternDN19.01.07\AppData\Local\Programs\Microsoft VS Code\bin;C:\Users\InternDN19.01.07\AppData\Roaming\Composer\vendor\bin;C:\Users\InternDN19.01.07\AppData\Roaming\npm;C:\Program Files\Git\usr\bin\vendor_perl;C:\Program Files\Git\usr\bin\core_perl;C:\users\interndn19.01.07\appdata\local\programs\python\python37\lib\site-packages\pywin32_system32;c:\users\interndn19.01.07\appdata\local\programs\python\python37\lib\site-packages\pywin32_system32;C:\Users\InternDN19.01.07\Desktop\Intern19_DinhThiAnhThao\Project_Phase1_Researching\project\RobotTeam2\RobotFrameworkProject\Resources/Drivers'.</msg>
<status status="PASS" starttime="20190523 10:03:32.262" endtime="20190523 10:03:32.262"></status>
</kw>
<kw name="Open Browser" library="Selenium2Library">
<doc>Opens a new browser instance to the given ``url``.</doc>
<arguments>
<arg>${ROOT}</arg>
<arg>${BROWSER}</arg>
</arguments>
<msg timestamp="20190523 10:03:32.262" level="INFO">Opening browser 'Chrome' to base url 'http://192.168.189.72/joomla_build2/administrator/'.</msg>
<status status="PASS" starttime="20190523 10:03:32.262" endtime="20190523 10:03:36.970"></status>
</kw>
<kw name="Maximize Browser Window" library="Selenium2Library">
<doc>Maximizes current browser window.</doc>
<status status="PASS" starttime="20190523 10:03:36.971" endtime="20190523 10:03:38.137"></status>
</kw>
<kw name="Percy Initialize Build" library="PercySetupBuild2">
<arguments>
<arg>${PERCY_TOKEN}</arg>
</arguments>
<status status="PASS" starttime="20190523 10:03:38.137" endtime="20190523 10:03:41.204"></status>
</kw>
<status status="PASS" starttime="20190523 10:03:32.261" endtime="20190523 10:03:41.204"></status>
</kw>
<test id="s1-s1-s1-t1" name="TC01 - UI Of Joomla Help Page Display Correctly">
<kw name="Percy Snapshot" library="PercySetupBuild2">
<arguments>
<arg>Login</arg>
</arguments>
<status status="PASS" starttime="20190523 10:03:41.205" endtime="20190523 10:03:43.186"></status>
</kw>
<kw name="Login Admin Site" library="AdminLoginPage">
<arguments>
<arg>${USERNAME}</arg>
<arg>${PASSWORD}</arg>
</arguments>
<kw name="Log To Console" library="BuiltIn">
<doc>Logs the given message to the console.</doc>
<arguments>
<arg>Login to Joomla</arg>
</arguments>
<status status="PASS" starttime="20190523 10:03:43.186" endtime="20190523 10:03:43.186"></status>
</kw>
<kw name="Input Text" library="Selenium2Library">
<doc>Types the given ``text`` into text field identified by ``locator``.</doc>
<arguments>
<arg>${txt_username}</arg>
<arg>${arg_username}</arg>
</arguments>
<msg timestamp="20190523 10:03:43.186" level="INFO">Typing text 'admin' into text field 'id=mod-login-username'.</msg>
<status status="PASS" starttime="20190523 10:03:43.186" endtime="20190523 10:03:43.276"></status>
</kw>
<kw name="Input Text" library="Selenium2Library">
<doc>Types the given ``text`` into text field identified by ``locator``.</doc>
<arguments>
<arg>${txt_password}</arg>
<arg>${arg_password}</arg>
</arguments>
<msg timestamp="20190523 10:03:43.277" level="INFO">Typing text '123456789' into text field 'id=mod-login-password'.</msg>
<status status="PASS" starttime="20190523 10:03:43.277" endtime="20190523 10:03:43.364"></status>
</kw>
<kw name="Click Button" library="Selenium2Library">
<doc>Clicks button identified by ``locator``.</doc>
<arguments>
<arg>${btn_login}</arg>
</arguments>
<msg timestamp="20190523 10:03:43.365" level="INFO">Clicking button 'xpath=//div[@class="btn-group"]/button[@class="btn btn-primary btn-block btn-large login-button"]'.</msg>
<status status="PASS" starttime="20190523 10:03:43.365" endtime="20190523 10:03:45.945"></status>
</kw>
<status status="PASS" starttime="20190523 10:03:43.186" endtime="20190523 10:03:45.945"></status>
</kw>
<kw name="Go To Joomla Help Page" library="JoomlaHelpPage">
<kw name="Click Element" library="Selenium2Library">
<doc>Click element identified by ``locator``.</doc>
<arguments>
<arg>${lnk_menu_help}</arg>
</arguments>
<msg timestamp="20190523 10:03:45.946" level="INFO">Clicking element 'xpath=//div/ul[@id="menu"]/li/a[contains(text(),'Help')]'.</msg>
<status status="PASS" starttime="20190523 10:03:45.946" endtime="20190523 10:03:46.050"></status>
</kw>
<kw name="Click Element" library="Selenium2Library">
<doc>Click element identified by ``locator``.</doc>
<arguments>
<arg>${lnk_joomla_help}</arg>
</arguments>
<msg timestamp="20190523 10:03:46.051" level="INFO">Clicking element 'xpath=//div/ul[@id="menu"]/li/ul/li/a[contains(text(),'Joomla! Help')]'.</msg>
<status status="PASS" starttime="20190523 10:03:46.051" endtime="20190523 10:03:48.372"></status>
</kw>
<status status="PASS" starttime="20190523 10:03:45.945" endtime="20190523 10:03:48.372"></status>
</kw>
<kw name="Percy Snapshot" library="PercySetupBuild2">
<arguments>
<arg>Articles</arg>
</arguments>
<status status="PASS" starttime="20190523 10:03:48.372" endtime="20190523 10:03:50.518"></status>
</kw>
<status status="PASS" starttime="20190523 10:03:41.204" endtime="20190523 10:03:50.518" critical="yes"></status>
</test>
<kw name="Teardown" library="SetupBuild2" type="teardown">
<kw name="Close All Browsers" library="Selenium2Library">
<doc>Closes all open browsers and resets the browser cache.</doc>
<status status="PASS" starttime="20190523 10:03:50.519" endtime="20190523 10:03:52.629"></status>
</kw>
<kw name="Percy Finalize Build" library="PercySetupBuild2">
<status status="PASS" starttime="20190523 10:03:52.629" endtime="20190523 10:03:53.247"></status>
</kw>
<status status="PASS" starttime="20190523 10:03:50.519" endtime="20190523 10:03:53.247"></status>
</kw>
<status status="PASS" starttime="20190523 10:03:32.054" endtime="20190523 10:03:53.247"></status>
</suite>
<status status="PASS" starttime="20190523 10:03:32.052" endtime="20190523 10:03:53.257"></status>
</suite>
<status status="PASS" starttime="20190523 10:03:32.032" endtime="20190523 10:03:53.257"></status>
</suite>
<statistics>
<total>
<stat pass="1" fail="0">Critical Tests</stat>
<stat pass="1" fail="0">All Tests</stat>
</total>
<tag>
</tag>
<suite>
<stat pass="1" fail="0" id="s1" name="Tests">Tests</stat>
<stat pass="1" fail="0" id="s1-s1" name="VisualTests">Tests.VisualTests</stat>
<stat pass="1" fail="0" id="s1-s1-s1" name="HelpVisualTest">Tests.VisualTests.HelpVisualTest</stat>
</suite>
</statistics>
<errors>
<msg timestamp="20190523 10:03:32.031" level="ERROR">Taking listener 'allure-robotframework' into use failed: Importing listener 'allure-robotframework' failed: ModuleNotFoundError: No module named 'allure-robotframework'
Traceback (most recent call last):
  None
PYTHONPATH:
  C:\Users\InternDN19.01.07\AppData\Local\Programs\Python\Python37\Scripts\robot.exe
  c:\users\interndn19.01.07\appdata\local\programs\python\python37\python37.zip
  c:\users\interndn19.01.07\appdata\local\programs\python\python37\DLLs
  c:\users\interndn19.01.07\appdata\local\programs\python\python37\lib
  c:\users\interndn19.01.07\appdata\local\programs\python\python37
  c:\users\interndn19.01.07\appdata\local\programs\python\python37\lib\site-packages
  c:\users\interndn19.01.07\appdata\local\programs\python\python37\lib\site-packages\win32
  c:\users\interndn19.01.07\appdata\local\programs\python\python37\lib\site-packages\win32\lib
  c:\users\interndn19.01.07\appdata\local\programs\python\python37\lib\site-packages\Pythonwin</msg>
</errors>
</robot>
