<?xml version="1.0" encoding="UTF-8"?>
<robot generator="Robot 3.1.1 (Python 3.7.3 on win32)" generated="20190523 10:03:42.806" rpa="false">
<suite id="s1" name="Tests" source="C:\Users\InternDN19.01.07\Desktop\Intern19_DinhThiAnhThao\Project_Phase1_Researching\project\RobotTeam2\RobotFrameworkProject\Tests">
<suite id="s1-s1" name="VisualTests" source="C:\Users\InternDN19.01.07\Desktop\Intern19_DinhThiAnhThao\Project_Phase1_Researching\project\RobotTeam2\RobotFrameworkProject\Tests\VisualTests">
<suite id="s1-s1-s1" name="PluginsExtentionsVisualTest" source="C:\Users\InternDN19.01.07\Desktop\Intern19_DinhThiAnhThao\Project_Phase1_Researching\project\RobotTeam2\RobotFrameworkProject\Tests\VisualTests\PluginsExtentionsVisualTest.robot">
<kw name="Setup" library="SetupBUild2" type="setup">
<kw name="Append To Environment Variable" library="OperatingSystem">
<doc>Appends given ``values`` to environment variable ``name``.</doc>
<arguments>
<arg>PATH</arg>
<arg>C:\\Users\\InternDN19.01.07\\Desktop\\Intern19_DinhThiAnhThao\\Project_Phase1_Researching\\project\\RobotTeam2\\RobotFrameworkProject\\Resources/Drivers</arg>
</arguments>
<msg timestamp="20190523 10:03:43.046" level="INFO">Environment variable 'PATH' set to value 'C:\Users\InternDN19.01.07\bin;C:\Program Files\Git\mingw64\bin;C:\Program Files\Git\usr\local\bin;C:\Program Files\Git\usr\bin;C:\Program Files\Git\usr\bin;C:\Program Files\Git\mingw64\bin;C:\Program Files\Git\usr\bin;C:\Users\InternDN19.01.07\bin;C:\Python37;C:\Python37\Scripts;C:\Program Files (x86)\Common Files\Oracle\Java\javapath;C:\Program Files (x86)\Intel\Intel(R) Management Engine Components\iCLS;C:\Program Files\Intel\Intel(R) Management Engine Components\iCLS;C:\Windows\system32;C:\Windows;C:\Windows\System32\Wbem;C:\Windows\System32\WindowsPowerShell\v1.0;C:\Windows\System32\OpenSSH;C:\Program Files (x86)\Intel\Intel(R) Management Engine Components\DAL;C:\Program Files\Intel\Intel(R) Management Engine Components\DAL;C:\Program Files (x86)\Intel\Intel(R) Management Engine Components\IPT;C:\Program Files\Intel\Intel(R) Management Engine Components\IPT;C:\Program Files\Git\cmd;C:\Python27\Lib\site-packages;C:\Users\InternDN19.01.07\Desktop\Intern19_DinhThiAnhThao\SeleniumWebdriver;C:\xampp\php;C:\composer;C:\Program Files\nodejs;C:\Program Files\maven\apache-maven-3.6.1\bin;C:\Program Files\Java\jdk1.8.0_201\bin;C:\Users\InternDN19.01.07\Downloads\allure-2.10.0\bin;C:\Users\InternDN19.01.07\AppData\Local\Programs\Python\Python37\Scripts;C:\Users\InternDN19.01.07\AppData\Local\Programs\Python\Python37;C:\Users\InternDN19.01.07\AppData\Local\Microsoft\WindowsApps;C:\Users\InternDN19.01.07\AppData\Local\Programs\Microsoft VS Code\bin;C:\Users\InternDN19.01.07\AppData\Roaming\Composer\vendor\bin;C:\Users\InternDN19.01.07\AppData\Roaming\npm;C:\Program Files\Git\usr\bin\vendor_perl;C:\Program Files\Git\usr\bin\core_perl;C:\users\interndn19.01.07\appdata\local\programs\python\python37\lib\site-packages\pywin32_system32;c:\users\interndn19.01.07\appdata\local\programs\python\python37\lib\site-packages\pywin32_system32;C:\Users\InternDN19.01.07\Desktop\Intern19_DinhThiAnhThao\Project_Phase1_Researching\project\RobotTeam2\RobotFrameworkProject\Resources/Drivers'.</msg>
<status status="PASS" starttime="20190523 10:03:43.046" endtime="20190523 10:03:43.046"></status>
</kw>
<kw name="Open Browser" library="Selenium2Library">
<doc>Opens a new browser instance to the given ``url``.</doc>
<arguments>
<arg>${ROOT}</arg>
<arg>${BROWSER}</arg>
</arguments>
<msg timestamp="20190523 10:03:43.046" level="INFO">Opening browser 'Chrome' to base url 'http://192.168.189.72/joomla_build2/administrator/'.</msg>
<status status="PASS" starttime="20190523 10:03:43.046" endtime="20190523 10:03:47.240"></status>
</kw>
<kw name="Maximize Browser Window" library="Selenium2Library">
<doc>Maximizes current browser window.</doc>
<status status="PASS" starttime="20190523 10:03:47.240" endtime="20190523 10:03:48.359"></status>
</kw>
<kw name="Percy Initialize Build" library="PercySetupBuild2">
<arguments>
<arg>${PERCY_TOKEN}</arg>
</arguments>
<status status="PASS" starttime="20190523 10:03:48.360" endtime="20190523 10:03:51.307"></status>
</kw>
<status status="PASS" starttime="20190523 10:03:43.046" endtime="20190523 10:03:51.307"></status>
</kw>
<test id="s1-s1-s1-t1" name="TC01 - UI Of Joomla Plugins Extentions Page Display Correctly">
<kw name="Login Admin Site" library="AdminLoginPage">
<arguments>
<arg>${USERNAME}</arg>
<arg>${PASSWORD}</arg>
</arguments>
<kw name="Log To Console" library="BuiltIn">
<doc>Logs the given message to the console.</doc>
<arguments>
<arg>Login to Joomla</arg>
</arguments>
<status status="PASS" starttime="20190523 10:03:51.307" endtime="20190523 10:03:51.307"></status>
</kw>
<kw name="Input Text" library="Selenium2Library">
<doc>Types the given ``text`` into text field identified by ``locator``.</doc>
<arguments>
<arg>${txt_username}</arg>
<arg>${arg_username}</arg>
</arguments>
<msg timestamp="20190523 10:03:51.307" level="INFO">Typing text 'admin' into text field 'id=mod-login-username'.</msg>
<status status="PASS" starttime="20190523 10:03:51.307" endtime="20190523 10:03:51.378"></status>
</kw>
<kw name="Input Text" library="Selenium2Library">
<doc>Types the given ``text`` into text field identified by ``locator``.</doc>
<arguments>
<arg>${txt_password}</arg>
<arg>${arg_password}</arg>
</arguments>
<msg timestamp="20190523 10:03:51.378" level="INFO">Typing text '123456789' into text field 'id=mod-login-password'.</msg>
<status status="PASS" starttime="20190523 10:03:51.378" endtime="20190523 10:03:51.452"></status>
</kw>
<kw name="Click Button" library="Selenium2Library">
<doc>Clicks button identified by ``locator``.</doc>
<arguments>
<arg>${btn_login}</arg>
</arguments>
<msg timestamp="20190523 10:03:51.452" level="INFO">Clicking button 'xpath=//div[@class="btn-group"]/button[@class="btn btn-primary btn-block btn-large login-button"]'.</msg>
<status status="PASS" starttime="20190523 10:03:51.452" endtime="20190523 10:03:52.563"></status>
</kw>
<status status="PASS" starttime="20190523 10:03:51.307" endtime="20190523 10:03:52.564"></status>
</kw>
<kw name="Go To Joomla Plugins Extentions Page" library="JoomlaPluginsExtentionsPage">
<kw name="Click Element" library="Selenium2Library">
<doc>Click element identified by ``locator``.</doc>
<arguments>
<arg>${lnk_menu_extentions}</arg>
</arguments>
<msg timestamp="20190523 10:03:52.565" level="INFO">Clicking element 'xpath=//div/ul[@id="menu"]/li/a[contains(text(),'Extensions ')]'.</msg>
<kw name="Capture Page Screenshot" library="Selenium2Library">
<doc>Takes screenshot of the current page and embeds it into log file.</doc>
<msg timestamp="20190523 10:03:52.883" level="INFO" html="yes">&lt;/td&gt;&lt;/tr&gt;&lt;tr&gt;&lt;td colspan="3"&gt;&lt;a href="selenium-screenshot-1.png"&gt;&lt;img src="selenium-screenshot-1.png" width="800px"&gt;&lt;/a&gt;</msg>
<status status="PASS" starttime="20190523 10:03:52.580" endtime="20190523 10:03:52.883"></status>
</kw>
<msg timestamp="20190523 10:03:52.885" level="FAIL">Element with locator 'xpath=//div/ul[@id="menu"]/li/a[contains(text(),'Extensions ')]' not found.</msg>
<status status="FAIL" starttime="20190523 10:03:52.564" endtime="20190523 10:03:52.885"></status>
</kw>
<status status="FAIL" starttime="20190523 10:03:52.564" endtime="20190523 10:03:52.885"></status>
</kw>
<status status="FAIL" starttime="20190523 10:03:51.307" endtime="20190523 10:03:52.885" critical="yes">Element with locator 'xpath=//div/ul[@id="menu"]/li/a[contains(text(),'Extensions ')]' not found.</status>
</test>
<kw name="Teardown" library="SetupBUild2" type="teardown">
<kw name="Close All Browsers" library="Selenium2Library">
<doc>Closes all open browsers and resets the browser cache.</doc>
<status status="PASS" starttime="20190523 10:03:52.886" endtime="20190523 10:03:55.018"></status>
</kw>
<kw name="Percy Finalize Build" library="PercySetupBuild2">
<status status="PASS" starttime="20190523 10:03:55.018" endtime="20190523 10:03:55.528"></status>
</kw>
<status status="PASS" starttime="20190523 10:03:52.886" endtime="20190523 10:03:55.528"></status>
</kw>
<status status="FAIL" starttime="20190523 10:03:42.838" endtime="20190523 10:03:55.528"></status>
</suite>
<status status="FAIL" starttime="20190523 10:03:42.836" endtime="20190523 10:03:55.528"></status>
</suite>
<status status="FAIL" starttime="20190523 10:03:42.810" endtime="20190523 10:03:55.528"></status>
</suite>
<statistics>
<total>
<stat pass="0" fail="1">Critical Tests</stat>
<stat pass="0" fail="1">All Tests</stat>
</total>
<tag>
</tag>
<suite>
<stat pass="0" fail="1" id="s1" name="Tests">Tests</stat>
<stat pass="0" fail="1" id="s1-s1" name="VisualTests">Tests.VisualTests</stat>
<stat pass="0" fail="1" id="s1-s1-s1" name="PluginsExtentionsVisualTest">Tests.VisualTests.PluginsExtentionsVisualTest</stat>
</suite>
</statistics>
<errors>
<msg timestamp="20190523 10:03:42.808" level="ERROR">Taking listener 'allure-robotframework' into use failed: Importing listener 'allure-robotframework' failed: ModuleNotFoundError: No module named 'allure-robotframework'
Traceback (most recent call last):
  None
PYTHONPATH:
  C:\Users\InternDN19.01.07\AppData\Local\Programs\Python\Python37\Scripts\robot.exe
  c:\users\interndn19.01.07\appdata\local\programs\python\python37\python37.zip
  c:\users\interndn19.01.07\appdata\local\programs\python\python37\DLLs
  c:\users\interndn19.01.07\appdata\local\programs\python\python37\lib
  c:\users\interndn19.01.07\appdata\local\programs\python\python37
  c:\users\interndn19.01.07\appdata\local\programs\python\python37\lib\site-packages
  c:\users\interndn19.01.07\appdata\local\programs\python\python37\lib\site-packages\win32
  c:\users\interndn19.01.07\appdata\local\programs\python\python37\lib\site-packages\win32\lib
  c:\users\interndn19.01.07\appdata\local\programs\python\python37\lib\site-packages\Pythonwin</msg>
</errors>
</robot>
