<?xml version="1.0" encoding="UTF-8"?>
<robot generator="Robot 3.1.1 (Python 3.7.3 on win32)" generated="20190523 10:03:25.172" rpa="false">
<suite id="s1" name="Tests" source="C:\Users\InternDN19.01.07\Desktop\Intern19_DinhThiAnhThao\Project_Phase1_Researching\project\RobotTeam2\RobotFrameworkProject\Tests">
<suite id="s1-s1" name="VisualTests" source="C:\Users\InternDN19.01.07\Desktop\Intern19_DinhThiAnhThao\Project_Phase1_Researching\project\RobotTeam2\RobotFrameworkProject\Tests\VisualTests">
<suite id="s1-s1-s1" name="AdminModulesTest" source="C:\Users\InternDN19.01.07\Desktop\Intern19_DinhThiAnhThao\Project_Phase1_Researching\project\RobotTeam2\RobotFrameworkProject\Tests\VisualTests\AdminModulesTest.robot">
<kw name="Setup" library="SetupBuild2" type="setup">
<kw name="Append To Environment Variable" library="OperatingSystem">
<doc>Appends given ``values`` to environment variable ``name``.</doc>
<arguments>
<arg>PATH</arg>
<arg>C:\\Users\\InternDN19.01.07\\Desktop\\Intern19_DinhThiAnhThao\\Project_Phase1_Researching\\project\\RobotTeam2\\RobotFrameworkProject\\Resources/Drivers</arg>
</arguments>
<msg timestamp="20190523 10:03:25.492" level="INFO">Environment variable 'PATH' set to value 'C:\Users\InternDN19.01.07\bin;C:\Program Files\Git\mingw64\bin;C:\Program Files\Git\usr\local\bin;C:\Program Files\Git\usr\bin;C:\Program Files\Git\usr\bin;C:\Program Files\Git\mingw64\bin;C:\Program Files\Git\usr\bin;C:\Users\InternDN19.01.07\bin;C:\Python37;C:\Python37\Scripts;C:\Program Files (x86)\Common Files\Oracle\Java\javapath;C:\Program Files (x86)\Intel\Intel(R) Management Engine Components\iCLS;C:\Program Files\Intel\Intel(R) Management Engine Components\iCLS;C:\Windows\system32;C:\Windows;C:\Windows\System32\Wbem;C:\Windows\System32\WindowsPowerShell\v1.0;C:\Windows\System32\OpenSSH;C:\Program Files (x86)\Intel\Intel(R) Management Engine Components\DAL;C:\Program Files\Intel\Intel(R) Management Engine Components\DAL;C:\Program Files (x86)\Intel\Intel(R) Management Engine Components\IPT;C:\Program Files\Intel\Intel(R) Management Engine Components\IPT;C:\Program Files\Git\cmd;C:\Python27\Lib\site-packages;C:\Users\InternDN19.01.07\Desktop\Intern19_DinhThiAnhThao\SeleniumWebdriver;C:\xampp\php;C:\composer;C:\Program Files\nodejs;C:\Program Files\maven\apache-maven-3.6.1\bin;C:\Program Files\Java\jdk1.8.0_201\bin;C:\Users\InternDN19.01.07\Downloads\allure-2.10.0\bin;C:\Users\InternDN19.01.07\AppData\Local\Programs\Python\Python37\Scripts;C:\Users\InternDN19.01.07\AppData\Local\Programs\Python\Python37;C:\Users\InternDN19.01.07\AppData\Local\Microsoft\WindowsApps;C:\Users\InternDN19.01.07\AppData\Local\Programs\Microsoft VS Code\bin;C:\Users\InternDN19.01.07\AppData\Roaming\Composer\vendor\bin;C:\Users\InternDN19.01.07\AppData\Roaming\npm;C:\Program Files\Git\usr\bin\vendor_perl;C:\Program Files\Git\usr\bin\core_perl;C:\users\interndn19.01.07\appdata\local\programs\python\python37\lib\site-packages\pywin32_system32;c:\users\interndn19.01.07\appdata\local\programs\python\python37\lib\site-packages\pywin32_system32;C:\Users\InternDN19.01.07\Desktop\Intern19_DinhThiAnhThao\Project_Phase1_Researching\project\RobotTeam2\RobotFrameworkProject\Resources/Drivers'.</msg>
<status status="PASS" starttime="20190523 10:03:25.491" endtime="20190523 10:03:25.492"></status>
</kw>
<kw name="Open Browser" library="Selenium2Library">
<doc>Opens a new browser instance to the given ``url``.</doc>
<arguments>
<arg>${ROOT}</arg>
<arg>${BROWSER}</arg>
</arguments>
<msg timestamp="20190523 10:03:25.492" level="INFO">Opening browser 'Chrome' to base url 'http://192.168.189.72/joomla_build2/administrator/'.</msg>
<status status="PASS" starttime="20190523 10:03:25.492" endtime="20190523 10:03:29.080"></status>
</kw>
<kw name="Maximize Browser Window" library="Selenium2Library">
<doc>Maximizes current browser window.</doc>
<status status="PASS" starttime="20190523 10:03:29.080" endtime="20190523 10:03:30.205"></status>
</kw>
<kw name="Percy Initialize Build" library="PercySetupBuild2">
<arguments>
<arg>${PERCY_TOKEN}</arg>
</arguments>
<status status="PASS" starttime="20190523 10:03:30.206" endtime="20190523 10:03:33.873"></status>
</kw>
<status status="PASS" starttime="20190523 10:03:25.491" endtime="20190523 10:03:33.873"></status>
</kw>
<test id="s1-s1-s1-t1" name="TC01 - UI Of Banners Page Display Correctly">
<kw name="Login Admin Site" library="AdminLoginPage">
<arguments>
<arg>${USERNAME}</arg>
<arg>${PASSWORD}</arg>
</arguments>
<kw name="Log To Console" library="BuiltIn">
<doc>Logs the given message to the console.</doc>
<arguments>
<arg>Login to Joomla</arg>
</arguments>
<status status="PASS" starttime="20190523 10:03:33.886" endtime="20190523 10:03:33.887"></status>
</kw>
<kw name="Input Text" library="Selenium2Library">
<doc>Types the given ``text`` into text field identified by ``locator``.</doc>
<arguments>
<arg>${txt_username}</arg>
<arg>${arg_username}</arg>
</arguments>
<msg timestamp="20190523 10:03:33.887" level="INFO">Typing text 'admin' into text field 'id=mod-login-username'.</msg>
<status status="PASS" starttime="20190523 10:03:33.887" endtime="20190523 10:03:33.959"></status>
</kw>
<kw name="Input Text" library="Selenium2Library">
<doc>Types the given ``text`` into text field identified by ``locator``.</doc>
<arguments>
<arg>${txt_password}</arg>
<arg>${arg_password}</arg>
</arguments>
<msg timestamp="20190523 10:03:33.959" level="INFO">Typing text '123456789' into text field 'id=mod-login-password'.</msg>
<status status="PASS" starttime="20190523 10:03:33.959" endtime="20190523 10:03:34.042"></status>
</kw>
<kw name="Click Button" library="Selenium2Library">
<doc>Clicks button identified by ``locator``.</doc>
<arguments>
<arg>${btn_login}</arg>
</arguments>
<msg timestamp="20190523 10:03:34.042" level="INFO">Clicking button 'xpath=//div[@class="btn-group"]/button[@class="btn btn-primary btn-block btn-large login-button"]'.</msg>
<status status="PASS" starttime="20190523 10:03:34.042" endtime="20190523 10:03:38.788"></status>
</kw>
<status status="PASS" starttime="20190523 10:03:33.886" endtime="20190523 10:03:38.788"></status>
</kw>
<kw name="Go To Banners Page" library="AdminExtensionsModulesPage">
<kw name="Click Element" library="Selenium2Library">
<doc>Click element identified by ``locator``.</doc>
<arguments>
<arg>${menu_components}</arg>
</arguments>
<msg timestamp="20190523 10:03:38.789" level="INFO">Clicking element 'xpath=//ul[@id="menu"]//a[contains(text(), "Components ")]'.</msg>
<status status="PASS" starttime="20190523 10:03:38.789" endtime="20190523 10:03:38.880"></status>
</kw>
<kw name="Click Element" library="Selenium2Library">
<doc>Click element identified by ``locator``.</doc>
<arguments>
<arg>${submenu_banners}</arg>
</arguments>
<msg timestamp="20190523 10:03:38.881" level="INFO">Clicking element 'xpath=//ul[@id="menu"]//a[@class="dropdown-toggle menu-banners"]'.</msg>
<status status="PASS" starttime="20190523 10:03:38.880" endtime="20190523 10:03:39.759"></status>
</kw>
<status status="PASS" starttime="20190523 10:03:38.788" endtime="20190523 10:03:39.759"></status>
</kw>
<kw name="Percy Snapshot" library="PercySetupBuild2">
<arguments>
<arg>Banners Page</arg>
</arguments>
<status status="PASS" starttime="20190523 10:03:39.760" endtime="20190523 10:03:42.266"></status>
</kw>
<kw name="Go To Banners Content Pages" library="AdminExtensionsModulesPage">
<arguments>
<arg>Categories</arg>
</arguments>
<kw name="Format String" library="String">
<doc>Formats a ``template`` using the given ``positional`` and ``named`` arguments.</doc>
<arguments>
<arg>${xph_banners}</arg>
<arg>${arg_banners}</arg>
</arguments>
<assign>
<var>${banners_page}</var>
</assign>
<msg timestamp="20190523 10:03:42.266" level="INFO">${banners_page} = xpath=//ul[@id="submenu"]//a[contains(text(), "Categories")]</msg>
<status status="PASS" starttime="20190523 10:03:42.266" endtime="20190523 10:03:42.266"></status>
</kw>
<kw name="Click Element" library="Selenium2Library">
<doc>Click element identified by ``locator``.</doc>
<arguments>
<arg>${banners_page}</arg>
</arguments>
<msg timestamp="20190523 10:03:42.266" level="INFO">Clicking element 'xpath=//ul[@id="submenu"]//a[contains(text(), "Categories")]'.</msg>
<status status="PASS" starttime="20190523 10:03:42.266" endtime="20190523 10:03:42.970"></status>
</kw>
<status status="PASS" starttime="20190523 10:03:42.266" endtime="20190523 10:03:42.970"></status>
</kw>
<kw name="Percy Snapshot" library="PercySetupBuild2">
<arguments>
<arg>Categories Banners Page</arg>
</arguments>
<status status="PASS" starttime="20190523 10:03:42.971" endtime="20190523 10:03:45.366"></status>
</kw>
<kw name="Go To Banners Content Pages" library="AdminExtensionsModulesPage">
<arguments>
<arg>Clients</arg>
</arguments>
<kw name="Format String" library="String">
<doc>Formats a ``template`` using the given ``positional`` and ``named`` arguments.</doc>
<arguments>
<arg>${xph_banners}</arg>
<arg>${arg_banners}</arg>
</arguments>
<assign>
<var>${banners_page}</var>
</assign>
<msg timestamp="20190523 10:03:45.367" level="INFO">${banners_page} = xpath=//ul[@id="submenu"]//a[contains(text(), "Clients")]</msg>
<status status="PASS" starttime="20190523 10:03:45.367" endtime="20190523 10:03:45.367"></status>
</kw>
<kw name="Click Element" library="Selenium2Library">
<doc>Click element identified by ``locator``.</doc>
<arguments>
<arg>${banners_page}</arg>
</arguments>
<msg timestamp="20190523 10:03:45.368" level="INFO">Clicking element 'xpath=//ul[@id="submenu"]//a[contains(text(), "Clients")]'.</msg>
<status status="PASS" starttime="20190523 10:03:45.367" endtime="20190523 10:03:46.702"></status>
</kw>
<status status="PASS" starttime="20190523 10:03:45.367" endtime="20190523 10:03:46.703"></status>
</kw>
<kw name="Percy Snapshot" library="PercySetupBuild2">
<arguments>
<arg>Clients Banners Page</arg>
</arguments>
<status status="PASS" starttime="20190523 10:03:46.703" endtime="20190523 10:03:48.907"></status>
</kw>
<kw name="Go To Banners Content Pages" library="AdminExtensionsModulesPage">
<arguments>
<arg>Tracks</arg>
</arguments>
<kw name="Format String" library="String">
<doc>Formats a ``template`` using the given ``positional`` and ``named`` arguments.</doc>
<arguments>
<arg>${xph_banners}</arg>
<arg>${arg_banners}</arg>
</arguments>
<assign>
<var>${banners_page}</var>
</assign>
<msg timestamp="20190523 10:03:48.907" level="INFO">${banners_page} = xpath=//ul[@id="submenu"]//a[contains(text(), "Tracks")]</msg>
<status status="PASS" starttime="20190523 10:03:48.907" endtime="20190523 10:03:48.907"></status>
</kw>
<kw name="Click Element" library="Selenium2Library">
<doc>Click element identified by ``locator``.</doc>
<arguments>
<arg>${banners_page}</arg>
</arguments>
<msg timestamp="20190523 10:03:48.907" level="INFO">Clicking element 'xpath=//ul[@id="submenu"]//a[contains(text(), "Tracks")]'.</msg>
<status status="PASS" starttime="20190523 10:03:48.907" endtime="20190523 10:03:49.369"></status>
</kw>
<status status="PASS" starttime="20190523 10:03:48.907" endtime="20190523 10:03:49.369"></status>
</kw>
<kw name="Percy Snapshot" library="PercySetupBuild2">
<arguments>
<arg>Tracks Banners Page</arg>
</arguments>
<status status="PASS" starttime="20190523 10:03:49.369" endtime="20190523 10:03:51.679"></status>
</kw>
<kw name="Logout Admin Site" library="AdminHomePage">
<kw name="Click Element" library="Selenium2Library">
<doc>Click element identified by ``locator``.</doc>
<arguments>
<arg>${icn_user}</arg>
</arguments>
<msg timestamp="20190523 10:03:51.680" level="INFO">Clicking element 'xpath=//a/span[@class="icon-user"]'.</msg>
<status status="PASS" starttime="20190523 10:03:51.680" endtime="20190523 10:03:51.736"></status>
</kw>
<kw name="Wait Until Element Is Visible" library="Selenium2Library">
<doc>Waits until element ``locator`` is visible.</doc>
<arguments>
<arg>${lbl_logout}</arg>
</arguments>
<status status="PASS" starttime="20190523 10:03:51.736" endtime="20190523 10:03:51.758"></status>
</kw>
<kw name="Click Element" library="Selenium2Library">
<doc>Click element identified by ``locator``.</doc>
<arguments>
<arg>${lbl_logout}</arg>
</arguments>
<msg timestamp="20190523 10:03:51.759" level="INFO">Clicking element 'xpath=//ul[@class="nav nav-user pull-right nav-hover"]//a[text()="Logout"]'.</msg>
<status status="PASS" starttime="20190523 10:03:51.758" endtime="20190523 10:03:52.703"></status>
</kw>
<status status="PASS" starttime="20190523 10:03:51.679" endtime="20190523 10:03:52.703"></status>
</kw>
<status status="PASS" starttime="20190523 10:03:33.873" endtime="20190523 10:03:52.703" critical="yes"></status>
</test>
<kw name="Teardown" library="SetupBuild2" type="teardown">
<kw name="Close All Browsers" library="Selenium2Library">
<doc>Closes all open browsers and resets the browser cache.</doc>
<status status="PASS" starttime="20190523 10:03:52.705" endtime="20190523 10:03:54.838"></status>
</kw>
<kw name="Percy Finalize Build" library="PercySetupBuild2">
<status status="PASS" starttime="20190523 10:03:54.838" endtime="20190523 10:03:55.382"></status>
</kw>
<status status="PASS" starttime="20190523 10:03:52.705" endtime="20190523 10:03:55.382"></status>
</kw>
<status status="PASS" starttime="20190523 10:03:25.225" endtime="20190523 10:03:55.382"></status>
</suite>
<status status="PASS" starttime="20190523 10:03:25.223" endtime="20190523 10:03:55.382"></status>
</suite>
<status status="PASS" starttime="20190523 10:03:25.179" endtime="20190523 10:03:55.382"></status>
</suite>
<statistics>
<total>
<stat pass="1" fail="0">Critical Tests</stat>
<stat pass="1" fail="0">All Tests</stat>
</total>
<tag>
</tag>
<suite>
<stat pass="1" fail="0" id="s1" name="Tests">Tests</stat>
<stat pass="1" fail="0" id="s1-s1" name="VisualTests">Tests.VisualTests</stat>
<stat pass="1" fail="0" id="s1-s1-s1" name="AdminModulesTest">Tests.VisualTests.AdminModulesTest</stat>
</suite>
</statistics>
<errors>
<msg timestamp="20190523 10:03:25.176" level="ERROR">Taking listener 'allure-robotframework' into use failed: Importing listener 'allure-robotframework' failed: ModuleNotFoundError: No module named 'allure-robotframework'
Traceback (most recent call last):
  None
PYTHONPATH:
  C:\Users\InternDN19.01.07\AppData\Local\Programs\Python\Python37\Scripts\robot.exe
  c:\users\interndn19.01.07\appdata\local\programs\python\python37\python37.zip
  c:\users\interndn19.01.07\appdata\local\programs\python\python37\DLLs
  c:\users\interndn19.01.07\appdata\local\programs\python\python37\lib
  c:\users\interndn19.01.07\appdata\local\programs\python\python37
  c:\users\interndn19.01.07\appdata\local\programs\python\python37\lib\site-packages
  c:\users\interndn19.01.07\appdata\local\programs\python\python37\lib\site-packages\win32
  c:\users\interndn19.01.07\appdata\local\programs\python\python37\lib\site-packages\win32\lib
  c:\users\interndn19.01.07\appdata\local\programs\python\python37\lib\site-packages\Pythonwin</msg>
</errors>
</robot>
